2025-09-04T07:31:23.543894Z  INFO tailwindcss_oxide::scanner: Provided sources:
2025-09-04T07:31:23.545085Z  INFO tailwindcss_oxide::scanner: Source: PublicSourceEntry { base: "C:\\Users\\user\\Desktop\\Projects\\approved-logistics-fleet", pattern: "**/*", negated: false }
2025-09-04T07:31:23.546048Z  INFO tailwindcss_oxide::scanner: Optimized sources:
2025-09-04T07:31:23.546100Z  INFO tailwindcss_oxide::scanner: Source: Auto { base: "C:\\Users\\user\\Desktop\\Projects\\approved-logistics-fleet" }
2025-09-04T07:31:23.554944Z  INFO scan_sources: tailwindcss_oxide::scanner: enter
2025-09-04T07:31:23.566757Z  INFO scan_sources: tailwindcss_oxide::scanner: Discovering "C:\\Users\\user\\Desktop\\Projects\\approved-logistics-fleet\\components.json"
2025-09-04T07:31:23.571604Z  INFO scan_sources: tailwindcss_oxide::scanner: Discovering "C:\\Users\\user\\Desktop\\Projects\\approved-logistics-fleet\\eslint.config.mjs"
2025-09-04T07:31:23.573668Z  INFO scan_sources: tailwindcss_oxide::scanner: Discovering "C:\\Users\\user\\Desktop\\Projects\\approved-logistics-fleet\\netlify.toml"
2025-09-04T07:31:23.578614Z  INFO scan_sources: tailwindcss_oxide::scanner: Discovering "C:\\Users\\user\\Desktop\\Projects\\approved-logistics-fleet\\next.config.js"
2025-09-04T07:31:23.581016Z  INFO scan_sources: tailwindcss_oxide::scanner: Discovering "C:\\Users\\user\\Desktop\\Projects\\approved-logistics-fleet\\next.config.ts"
2025-09-04T07:31:23.587963Z  INFO scan_sources: tailwindcss_oxide::scanner: Discovering "C:\\Users\\user\\Desktop\\Projects\\approved-logistics-fleet\\package.json"
2025-09-04T07:31:23.592723Z  INFO scan_sources: tailwindcss_oxide::scanner: Discovering "C:\\Users\\user\\Desktop\\Projects\\approved-logistics-fleet\\postcss.config.mjs"
2025-09-04T07:31:23.593249Z  INFO scan_sources: tailwindcss_oxide::scanner: Discovering "C:\\Users\\user\\Desktop\\Projects\\approved-logistics-fleet\\prisma"
2025-09-04T07:31:23.597401Z  INFO scan_sources: tailwindcss_oxide::scanner: Discovering "C:\\Users\\user\\Desktop\\Projects\\approved-logistics-fleet\\prisma\\migrations"
2025-09-04T07:31:23.601137Z  INFO scan_sources: tailwindcss_oxide::scanner: Discovering "C:\\Users\\user\\Desktop\\Projects\\approved-logistics-fleet\\prisma\\migrations\\20250806003348_init"
2025-09-04T07:31:23.603031Z  INFO scan_sources: tailwindcss_oxide::scanner: Discovering "C:\\Users\\user\\Desktop\\Projects\\approved-logistics-fleet\\prisma\\migrations\\20250806003348_init\\migration.sql"
2025-09-04T07:31:23.603499Z  INFO scan_sources: tailwindcss_oxide::scanner: Discovering "C:\\Users\\user\\Desktop\\Projects\\approved-logistics-fleet\\prisma\\migrations\\20250806020205_add_auth"
2025-09-04T07:31:23.603946Z  INFO scan_sources: tailwindcss_oxide::scanner: Discovering "C:\\Users\\user\\Desktop\\Projects\\approved-logistics-fleet\\prisma\\migrations\\20250806020205_add_auth\\migration.sql"
2025-09-04T07:31:23.604972Z  INFO scan_sources: tailwindcss_oxide::scanner: Discovering "C:\\Users\\user\\Desktop\\Projects\\approved-logistics-fleet\\prisma\\migrations\\20250807135357_add_role_enum"
2025-09-04T07:31:23.606729Z  INFO scan_sources: tailwindcss_oxide::scanner: Discovering "C:\\Users\\user\\Desktop\\Projects\\approved-logistics-fleet\\prisma\\migrations\\20250807135357_add_role_enum\\migration.sql"
2025-09-04T07:31:23.607035Z  INFO scan_sources: tailwindcss_oxide::scanner: Discovering "C:\\Users\\user\\Desktop\\Projects\\approved-logistics-fleet\\prisma\\migrations\\migration_lock.toml"
2025-09-04T07:31:23.607321Z  INFO scan_sources: tailwindcss_oxide::scanner: Discovering "C:\\Users\\user\\Desktop\\Projects\\approved-logistics-fleet\\prisma\\schema.prisma"
2025-09-04T07:31:23.607526Z  INFO scan_sources: tailwindcss_oxide::scanner: Discovering "C:\\Users\\user\\Desktop\\Projects\\approved-logistics-fleet\\prisma\\seed.ts"
2025-09-04T07:31:23.608304Z  INFO scan_sources: tailwindcss_oxide::scanner: Discovering "C:\\Users\\user\\Desktop\\Projects\\approved-logistics-fleet\\public"
2025-09-04T07:31:23.609774Z  INFO scan_sources: tailwindcss_oxide::scanner: Discovering "C:\\Users\\user\\Desktop\\Projects\\approved-logistics-fleet\\public\\file.svg"
2025-09-04T07:31:23.611694Z  INFO scan_sources: tailwindcss_oxide::scanner: Discovering "C:\\Users\\user\\Desktop\\Projects\\approved-logistics-fleet\\public\\globe.svg"
2025-09-04T07:31:23.611934Z  INFO scan_sources: tailwindcss_oxide::scanner: Discovering "C:\\Users\\user\\Desktop\\Projects\\approved-logistics-fleet\\public\\manifest.json"
2025-09-04T07:31:23.613359Z  INFO scan_sources: tailwindcss_oxide::scanner: Discovering "C:\\Users\\user\\Desktop\\Projects\\approved-logistics-fleet\\public\\next.svg"
2025-09-04T07:31:23.614263Z  INFO scan_sources: tailwindcss_oxide::scanner: Discovering "C:\\Users\\user\\Desktop\\Projects\\approved-logistics-fleet\\public\\uploads"
2025-09-04T07:31:23.615548Z  INFO scan_sources: tailwindcss_oxide::scanner: Discovering "C:\\Users\\user\\Desktop\\Projects\\approved-logistics-fleet\\public\\uploads\\compliance"
2025-09-04T07:31:23.617160Z  INFO scan_sources: tailwindcss_oxide::scanner: Discovering "C:\\Users\\user\\Desktop\\Projects\\approved-logistics-fleet\\public\\uploads\\fuel"
2025-09-04T07:31:23.618210Z  INFO scan_sources: tailwindcss_oxide::scanner: Discovering "C:\\Users\\user\\Desktop\\Projects\\approved-logistics-fleet\\public\\uploads\\maintenance"
2025-09-04T07:31:23.618826Z  INFO scan_sources: tailwindcss_oxide::scanner: Discovering "C:\\Users\\user\\Desktop\\Projects\\approved-logistics-fleet\\public\\uploads\\spares"
2025-09-04T07:31:23.619544Z  INFO scan_sources: tailwindcss_oxide::scanner: Discovering "C:\\Users\\user\\Desktop\\Projects\\approved-logistics-fleet\\public\\vercel.svg"
2025-09-04T07:31:23.619738Z  INFO scan_sources: tailwindcss_oxide::scanner: Discovering "C:\\Users\\user\\Desktop\\Projects\\approved-logistics-fleet\\public\\window.svg"
2025-09-04T07:31:23.619950Z  INFO scan_sources: tailwindcss_oxide::scanner: Discovering "C:\\Users\\user\\Desktop\\Projects\\approved-logistics-fleet\\README.md"
2025-09-04T07:31:23.620208Z  INFO scan_sources: tailwindcss_oxide::scanner: Discovering "C:\\Users\\user\\Desktop\\Projects\\approved-logistics-fleet\\scripts"
2025-09-04T07:31:23.620518Z  INFO scan_sources: tailwindcss_oxide::scanner: Discovering "C:\\Users\\user\\Desktop\\Projects\\approved-logistics-fleet\\scripts\\add-active-trucks.ts"
2025-09-04T07:31:23.620668Z  INFO scan_sources: tailwindcss_oxide::scanner: Discovering "C:\\Users\\user\\Desktop\\Projects\\approved-logistics-fleet\\scripts\\add-sample-trucks.ts"
2025-09-04T07:31:23.620816Z  INFO scan_sources: tailwindcss_oxide::scanner: Discovering "C:\\Users\\user\\Desktop\\Projects\\approved-logistics-fleet\\scripts\\check-admin.ts"
2025-09-04T07:31:23.621072Z  INFO scan_sources: tailwindcss_oxide::scanner: Discovering "C:\\Users\\user\\Desktop\\Projects\\approved-logistics-fleet\\scripts\\create-prod-admin.ts"
2025-09-04T07:31:23.621837Z  INFO scan_sources: tailwindcss_oxide::scanner: Discovering "C:\\Users\\user\\Desktop\\Projects\\approved-logistics-fleet\\scripts\\create-users-final.ts"
2025-09-04T07:31:23.622233Z  INFO scan_sources: tailwindcss_oxide::scanner: Discovering "C:\\Users\\user\\Desktop\\Projects\\approved-logistics-fleet\\scripts\\fix-admin-password.ts"
2025-09-04T07:31:23.622824Z  INFO scan_sources: tailwindcss_oxide::scanner: Discovering "C:\\Users\\user\\Desktop\\Projects\\approved-logistics-fleet\\src"
2025-09-04T07:31:23.624101Z  INFO scan_sources: tailwindcss_oxide::scanner: Discovering "C:\\Users\\user\\Desktop\\Projects\\approved-logistics-fleet\\src\\app"
2025-09-04T07:31:23.625312Z  INFO scan_sources: tailwindcss_oxide::scanner: Discovering "C:\\Users\\user\\Desktop\\Projects\\approved-logistics-fleet\\src\\app\\(dashboard)"
2025-09-04T07:31:23.627498Z  INFO scan_sources: tailwindcss_oxide::scanner: Discovering "C:\\Users\\user\\Desktop\\Projects\\approved-logistics-fleet\\src\\app\\(dashboard)\\compliance"
2025-09-04T07:31:23.627877Z  INFO scan_sources: tailwindcss_oxide::scanner: Discovering "C:\\Users\\user\\Desktop\\Projects\\approved-logistics-fleet\\src\\app\\(dashboard)\\compliance\\page.tsx"
2025-09-04T07:31:23.628245Z  INFO scan_sources: tailwindcss_oxide::scanner: Discovering "C:\\Users\\user\\Desktop\\Projects\\approved-logistics-fleet\\src\\app\\(dashboard)\\dashboard"
2025-09-04T07:31:23.628714Z  INFO scan_sources: tailwindcss_oxide::scanner: Discovering "C:\\Users\\user\\Desktop\\Projects\\approved-logistics-fleet\\src\\app\\(dashboard)\\dashboard\\page.tsx"
2025-09-04T07:31:23.629059Z  INFO scan_sources: tailwindcss_oxide::scanner: Discovering "C:\\Users\\user\\Desktop\\Projects\\approved-logistics-fleet\\src\\app\\(dashboard)\\fuel"
2025-09-04T07:31:23.630012Z  INFO scan_sources: tailwindcss_oxide::scanner: Discovering "C:\\Users\\user\\Desktop\\Projects\\approved-logistics-fleet\\src\\app\\(dashboard)\\fuel\\page.tsx"
2025-09-04T07:31:23.630532Z  INFO scan_sources: tailwindcss_oxide::scanner: Discovering "C:\\Users\\user\\Desktop\\Projects\\approved-logistics-fleet\\src\\app\\(dashboard)\\layout.tsx"
2025-09-04T07:31:23.630838Z  INFO scan_sources: tailwindcss_oxide::scanner: Discovering "C:\\Users\\user\\Desktop\\Projects\\approved-logistics-fleet\\src\\app\\(dashboard)\\maintenance"
2025-09-04T07:31:23.631164Z  INFO scan_sources: tailwindcss_oxide::scanner: Discovering "C:\\Users\\user\\Desktop\\Projects\\approved-logistics-fleet\\src\\app\\(dashboard)\\maintenance\\page.tsx"
2025-09-04T07:31:23.631556Z  INFO scan_sources: tailwindcss_oxide::scanner: Discovering "C:\\Users\\user\\Desktop\\Projects\\approved-logistics-fleet\\src\\app\\(dashboard)\\profile"
2025-09-04T07:31:23.632517Z  INFO scan_sources: tailwindcss_oxide::scanner: Discovering "C:\\Users\\user\\Desktop\\Projects\\approved-logistics-fleet\\src\\app\\(dashboard)\\profile\\page.tsx"
2025-09-04T07:31:23.633546Z  INFO scan_sources: tailwindcss_oxide::scanner: Discovering "C:\\Users\\user\\Desktop\\Projects\\approved-logistics-fleet\\src\\app\\(dashboard)\\reports"
2025-09-04T07:31:23.633909Z  INFO scan_sources: tailwindcss_oxide::scanner: Discovering "C:\\Users\\user\\Desktop\\Projects\\approved-logistics-fleet\\src\\app\\(dashboard)\\reports\\page.tsx"
2025-09-04T07:31:23.634210Z  INFO scan_sources: tailwindcss_oxide::scanner: Discovering "C:\\Users\\user\\Desktop\\Projects\\approved-logistics-fleet\\src\\app\\(dashboard)\\settings"
2025-09-04T07:31:23.634486Z  INFO scan_sources: tailwindcss_oxide::scanner: Discovering "C:\\Users\\user\\Desktop\\Projects\\approved-logistics-fleet\\src\\app\\(dashboard)\\settings\\page.tsx"
2025-09-04T07:31:23.634828Z  INFO scan_sources: tailwindcss_oxide::scanner: Discovering "C:\\Users\\user\\Desktop\\Projects\\approved-logistics-fleet\\src\\app\\api"
2025-09-04T07:31:23.635205Z  INFO scan_sources: tailwindcss_oxide::scanner: Discovering "C:\\Users\\user\\Desktop\\Projects\\approved-logistics-fleet\\src\\app\\api\\auth"
2025-09-04T07:31:23.635596Z  INFO scan_sources: tailwindcss_oxide::scanner: Discovering "C:\\Users\\user\\Desktop\\Projects\\approved-logistics-fleet\\src\\app\\api\\auth\\[...nextauth]"
2025-09-04T07:31:23.636269Z  INFO scan_sources: tailwindcss_oxide::scanner: Discovering "C:\\Users\\user\\Desktop\\Projects\\approved-logistics-fleet\\src\\app\\api\\auth\\[...nextauth]\\route.ts"
2025-09-04T07:31:23.637367Z  INFO scan_sources: tailwindcss_oxide::scanner: Discovering "C:\\Users\\user\\Desktop\\Projects\\approved-logistics-fleet\\src\\app\\api\\compliance"
2025-09-04T07:31:23.639788Z  INFO scan_sources: tailwindcss_oxide::scanner: Discovering "C:\\Users\\user\\Desktop\\Projects\\approved-logistics-fleet\\src\\app\\api\\compliance\\route.ts"
2025-09-04T07:31:23.643282Z  INFO scan_sources: tailwindcss_oxide::scanner: Discovering "C:\\Users\\user\\Desktop\\Projects\\approved-logistics-fleet\\src\\app\\api\\debug-auth"
2025-09-04T07:31:23.644365Z  INFO scan_sources: tailwindcss_oxide::scanner: Discovering "C:\\Users\\user\\Desktop\\Projects\\approved-logistics-fleet\\src\\app\\api\\debug-auth\\route.ts"
2025-09-04T07:31:23.644987Z  INFO scan_sources: tailwindcss_oxide::scanner: Discovering "C:\\Users\\user\\Desktop\\Projects\\approved-logistics-fleet\\src\\app\\api\\fuel"
2025-09-04T07:31:23.646480Z  INFO scan_sources: tailwindcss_oxide::scanner: Discovering "C:\\Users\\user\\Desktop\\Projects\\approved-logistics-fleet\\src\\app\\api\\fuel\\route.ts"
2025-09-04T07:31:23.647717Z  INFO scan_sources: tailwindcss_oxide::scanner: Discovering "C:\\Users\\user\\Desktop\\Projects\\approved-logistics-fleet\\src\\app\\api\\maintenance"
2025-09-04T07:31:23.648380Z  INFO scan_sources: tailwindcss_oxide::scanner: Discovering "C:\\Users\\user\\Desktop\\Projects\\approved-logistics-fleet\\src\\app\\api\\maintenance\\route.ts"
2025-09-04T07:31:23.648971Z  INFO scan_sources: tailwindcss_oxide::scanner: Discovering "C:\\Users\\user\\Desktop\\Projects\\approved-logistics-fleet\\src\\app\\api\\notifications"
2025-09-04T07:31:23.649673Z  INFO scan_sources: tailwindcss_oxide::scanner: Discovering "C:\\Users\\user\\Desktop\\Projects\\approved-logistics-fleet\\src\\app\\api\\notifications\\check"
2025-09-04T07:31:23.650228Z  INFO scan_sources: tailwindcss_oxide::scanner: Discovering "C:\\Users\\user\\Desktop\\Projects\\approved-logistics-fleet\\src\\app\\api\\notifications\\check\\route.ts"
2025-09-04T07:31:23.650756Z  INFO scan_sources: tailwindcss_oxide::scanner: Discovering "C:\\Users\\user\\Desktop\\Projects\\approved-logistics-fleet\\src\\app\\api\\notifications\\mark-all-read"
2025-09-04T07:31:23.651303Z  INFO scan_sources: tailwindcss_oxide::scanner: Discovering "C:\\Users\\user\\Desktop\\Projects\\approved-logistics-fleet\\src\\app\\api\\notifications\\mark-all-read\\route.ts"
2025-09-04T07:31:23.651685Z  INFO scan_sources: tailwindcss_oxide::scanner: Discovering "C:\\Users\\user\\Desktop\\Projects\\approved-logistics-fleet\\src\\app\\api\\notifications\\route.ts"
2025-09-04T07:31:23.652287Z  INFO scan_sources: tailwindcss_oxide::scanner: Discovering "C:\\Users\\user\\Desktop\\Projects\\approved-logistics-fleet\\src\\app\\api\\notifications\\[id]"
2025-09-04T07:31:23.652995Z  INFO scan_sources: tailwindcss_oxide::scanner: Discovering "C:\\Users\\user\\Desktop\\Projects\\approved-logistics-fleet\\src\\app\\api\\notifications\\[id]\\read"
2025-09-04T07:31:23.653486Z  INFO scan_sources: tailwindcss_oxide::scanner: Discovering "C:\\Users\\user\\Desktop\\Projects\\approved-logistics-fleet\\src\\app\\api\\notifications\\[id]\\read\\route.ts"
2025-09-04T07:31:23.654304Z  INFO scan_sources: tailwindcss_oxide::scanner: Discovering "C:\\Users\\user\\Desktop\\Projects\\approved-logistics-fleet\\src\\app\\api\\profile"
2025-09-04T07:31:23.655391Z  INFO scan_sources: tailwindcss_oxide::scanner: Discovering "C:\\Users\\user\\Desktop\\Projects\\approved-logistics-fleet\\src\\app\\api\\profile\\route.ts"
2025-09-04T07:31:23.656387Z  INFO scan_sources: tailwindcss_oxide::scanner: Discovering "C:\\Users\\user\\Desktop\\Projects\\approved-logistics-fleet\\src\\app\\api\\register"
2025-09-04T07:31:23.656994Z  INFO scan_sources: tailwindcss_oxide::scanner: Discovering "C:\\Users\\user\\Desktop\\Projects\\approved-logistics-fleet\\src\\app\\api\\register\\route.ts"
2025-09-04T07:31:23.657445Z  INFO scan_sources: tailwindcss_oxide::scanner: Discovering "C:\\Users\\user\\Desktop\\Projects\\approved-logistics-fleet\\src\\app\\api\\reports"
2025-09-04T07:31:23.657962Z  INFO scan_sources: tailwindcss_oxide::scanner: Discovering "C:\\Users\\user\\Desktop\\Projects\\approved-logistics-fleet\\src\\app\\api\\reports\\custom"
2025-09-04T07:31:23.658353Z  INFO scan_sources: tailwindcss_oxide::scanner: Discovering "C:\\Users\\user\\Desktop\\Projects\\approved-logistics-fleet\\src\\app\\api\\reports\\custom\\route.ts"
2025-09-04T07:31:23.658767Z  INFO scan_sources: tailwindcss_oxide::scanner: Discovering "C:\\Users\\user\\Desktop\\Projects\\approved-logistics-fleet\\src\\app\\api\\reports\\download"
2025-09-04T07:31:23.659202Z  INFO scan_sources: tailwindcss_oxide::scanner: Discovering "C:\\Users\\user\\Desktop\\Projects\\approved-logistics-fleet\\src\\app\\api\\reports\\download\\excel"
2025-09-04T07:31:23.659506Z  INFO scan_sources: tailwindcss_oxide::scanner: Discovering "C:\\Users\\user\\Desktop\\Projects\\approved-logistics-fleet\\src\\app\\api\\reports\\download\\excel\\route.ts"
2025-09-04T07:31:23.659915Z  INFO scan_sources: tailwindcss_oxide::scanner: Discovering "C:\\Users\\user\\Desktop\\Projects\\approved-logistics-fleet\\src\\app\\api\\reports\\download\\pdf"
2025-09-04T07:31:23.660230Z  INFO scan_sources: tailwindcss_oxide::scanner: Discovering "C:\\Users\\user\\Desktop\\Projects\\approved-logistics-fleet\\src\\app\\api\\reports\\download\\pdf\\route.ts"
2025-09-04T07:31:23.660643Z  INFO scan_sources: tailwindcss_oxide::scanner: Discovering "C:\\Users\\user\\Desktop\\Projects\\approved-logistics-fleet\\src\\app\\api\\settings"
2025-09-04T07:31:23.660974Z  INFO scan_sources: tailwindcss_oxide::scanner: Discovering "C:\\Users\\user\\Desktop\\Projects\\approved-logistics-fleet\\src\\app\\api\\settings\\route.ts"
2025-09-04T07:31:23.661278Z  INFO scan_sources: tailwindcss_oxide::scanner: Discovering "C:\\Users\\user\\Desktop\\Projects\\approved-logistics-fleet\\src\\app\\api\\test"
2025-09-04T07:31:23.661558Z  INFO scan_sources: tailwindcss_oxide::scanner: Discovering "C:\\Users\\user\\Desktop\\Projects\\approved-logistics-fleet\\src\\app\\api\\test\\route.ts"
2025-09-04T07:31:23.661863Z  INFO scan_sources: tailwindcss_oxide::scanner: Discovering "C:\\Users\\user\\Desktop\\Projects\\approved-logistics-fleet\\src\\app\\api\\test-db"
2025-09-04T07:31:23.662138Z  INFO scan_sources: tailwindcss_oxide::scanner: Discovering "C:\\Users\\user\\Desktop\\Projects\\approved-logistics-fleet\\src\\app\\api\\test-db\\route.ts"
2025-09-04T07:31:23.662419Z  INFO scan_sources: tailwindcss_oxide::scanner: Discovering "C:\\Users\\user\\Desktop\\Projects\\approved-logistics-fleet\\src\\app\\api\\trucks"
2025-09-04T07:31:23.662675Z  INFO scan_sources: tailwindcss_oxide::scanner: Discovering "C:\\Users\\user\\Desktop\\Projects\\approved-logistics-fleet\\src\\app\\api\\trucks\\route.ts"
2025-09-04T07:31:23.662910Z  INFO scan_sources: tailwindcss_oxide::scanner: Discovering "C:\\Users\\user\\Desktop\\Projects\\approved-logistics-fleet\\src\\app\\api\\trucks\\[id]"
2025-09-04T07:31:23.663187Z  INFO scan_sources: tailwindcss_oxide::scanner: Discovering "C:\\Users\\user\\Desktop\\Projects\\approved-logistics-fleet\\src\\app\\api\\trucks\\[id]\\route.ts"
2025-09-04T07:31:23.663505Z  INFO scan_sources: tailwindcss_oxide::scanner: Discovering "C:\\Users\\user\\Desktop\\Projects\\approved-logistics-fleet\\src\\app\\api\\upload"
2025-09-04T07:31:23.663776Z  INFO scan_sources: tailwindcss_oxide::scanner: Discovering "C:\\Users\\user\\Desktop\\Projects\\approved-logistics-fleet\\src\\app\\api\\upload\\route.ts"
2025-09-04T07:31:23.664082Z  INFO scan_sources: tailwindcss_oxide::scanner: Discovering "C:\\Users\\user\\Desktop\\Projects\\approved-logistics-fleet\\src\\app\\auth"
2025-09-04T07:31:23.664423Z  INFO scan_sources: tailwindcss_oxide::scanner: Discovering "C:\\Users\\user\\Desktop\\Projects\\approved-logistics-fleet\\src\\app\\auth\\error"
2025-09-04T07:31:23.664708Z  INFO scan_sources: tailwindcss_oxide::scanner: Discovering "C:\\Users\\user\\Desktop\\Projects\\approved-logistics-fleet\\src\\app\\auth\\error\\page.tsx"
2025-09-04T07:31:23.664998Z  INFO scan_sources: tailwindcss_oxide::scanner: Discovering "C:\\Users\\user\\Desktop\\Projects\\approved-logistics-fleet\\src\\app\\auth\\signin"
2025-09-04T07:31:23.665263Z  INFO scan_sources: tailwindcss_oxide::scanner: Discovering "C:\\Users\\user\\Desktop\\Projects\\approved-logistics-fleet\\src\\app\\auth\\signin\\page.tsx"
2025-09-04T07:31:23.665523Z  INFO scan_sources: tailwindcss_oxide::scanner: Discovering "C:\\Users\\user\\Desktop\\Projects\\approved-logistics-fleet\\src\\app\\globals.css"
2025-09-04T07:31:23.665661Z  INFO scan_sources: tailwindcss_oxide::scanner: Discovering "C:\\Users\\user\\Desktop\\Projects\\approved-logistics-fleet\\src\\app\\layout.tsx"
2025-09-04T07:31:23.665796Z  INFO scan_sources: tailwindcss_oxide::scanner: Discovering "C:\\Users\\user\\Desktop\\Projects\\approved-logistics-fleet\\src\\app\\page.tsx"
2025-09-04T07:31:23.666081Z  INFO scan_sources: tailwindcss_oxide::scanner: Discovering "C:\\Users\\user\\Desktop\\Projects\\approved-logistics-fleet\\src\\components"
2025-09-04T07:31:23.666375Z  INFO scan_sources: tailwindcss_oxide::scanner: Discovering "C:\\Users\\user\\Desktop\\Projects\\approved-logistics-fleet\\src\\components\\AppLayout.tsx"
2025-09-04T07:31:23.666609Z  INFO scan_sources: tailwindcss_oxide::scanner: Discovering "C:\\Users\\user\\Desktop\\Projects\\approved-logistics-fleet\\src\\components\\auth"
2025-09-04T07:31:23.666887Z  INFO scan_sources: tailwindcss_oxide::scanner: Discovering "C:\\Users\\user\\Desktop\\Projects\\approved-logistics-fleet\\src\\components\\auth\\RoleGuard.tsx"
2025-09-04T07:31:23.667140Z  INFO scan_sources: tailwindcss_oxide::scanner: Discovering "C:\\Users\\user\\Desktop\\Projects\\approved-logistics-fleet\\src\\components\\charts"
2025-09-04T07:31:23.667394Z  INFO scan_sources: tailwindcss_oxide::scanner: Discovering "C:\\Users\\user\\Desktop\\Projects\\approved-logistics-fleet\\src\\components\\charts\\FleetPerformanceChart.tsx"
2025-09-04T07:31:23.667525Z  INFO scan_sources: tailwindcss_oxide::scanner: Discovering "C:\\Users\\user\\Desktop\\Projects\\approved-logistics-fleet\\src\\components\\charts\\FuelExpenseChart.tsx"
2025-09-04T07:31:23.667655Z  INFO scan_sources: tailwindcss_oxide::scanner: Discovering "C:\\Users\\user\\Desktop\\Projects\\approved-logistics-fleet\\src\\components\\charts\\MaintenanceReportChart.tsx"
2025-09-04T07:31:23.667790Z  INFO scan_sources: tailwindcss_oxide::scanner: Discovering "C:\\Users\\user\\Desktop\\Projects\\approved-logistics-fleet\\src\\components\\charts\\SparesExpenseChart.tsx"
2025-09-04T07:31:23.668059Z  INFO scan_sources: tailwindcss_oxide::scanner: Discovering "C:\\Users\\user\\Desktop\\Projects\\approved-logistics-fleet\\src\\components\\dashboard"
2025-09-04T07:31:23.668308Z  INFO scan_sources: tailwindcss_oxide::scanner: Discovering "C:\\Users\\user\\Desktop\\Projects\\approved-logistics-fleet\\src\\components\\dashboard\\MobileDashboard.tsx"
2025-09-04T07:31:23.668570Z  INFO scan_sources: tailwindcss_oxide::scanner: Discovering "C:\\Users\\user\\Desktop\\Projects\\approved-logistics-fleet\\src\\components\\forms"
2025-09-04T07:31:23.668858Z  INFO scan_sources: tailwindcss_oxide::scanner: Discovering "C:\\Users\\user\\Desktop\\Projects\\approved-logistics-fleet\\src\\components\\forms\\AddComplianceDocumentForm.tsx"
2025-09-04T07:31:23.668991Z  INFO scan_sources: tailwindcss_oxide::scanner: Discovering "C:\\Users\\user\\Desktop\\Projects\\approved-logistics-fleet\\src\\components\\forms\\AddFuelRecordForm.tsx"
2025-09-04T07:31:23.669120Z  INFO scan_sources: tailwindcss_oxide::scanner: Discovering "C:\\Users\\user\\Desktop\\Projects\\approved-logistics-fleet\\src\\components\\forms\\AddMaintenanceForm.tsx"
2025-09-04T07:31:23.669386Z  INFO scan_sources: tailwindcss_oxide::scanner: Discovering "C:\\Users\\user\\Desktop\\Projects\\approved-logistics-fleet\\src\\components\\layout"
2025-09-04T07:31:23.669693Z  INFO scan_sources: tailwindcss_oxide::scanner: Discovering "C:\\Users\\user\\Desktop\\Projects\\approved-logistics-fleet\\src\\components\\layout\\AppLayout.tsx"
2025-09-04T07:31:23.669872Z  INFO scan_sources: tailwindcss_oxide::scanner: Discovering "C:\\Users\\user\\Desktop\\Projects\\approved-logistics-fleet\\src\\components\\layout\\Header.tsx"
2025-09-04T07:31:23.670106Z  INFO scan_sources: tailwindcss_oxide::scanner: Discovering "C:\\Users\\user\\Desktop\\Projects\\approved-logistics-fleet\\src\\components\\layout\\MobileSidebar.tsx"
2025-09-04T07:31:23.670360Z  INFO scan_sources: tailwindcss_oxide::scanner: Discovering "C:\\Users\\user\\Desktop\\Projects\\approved-logistics-fleet\\src\\components\\layout\\Sidebar.tsx"
2025-09-04T07:31:23.670545Z  INFO scan_sources: tailwindcss_oxide::scanner: Discovering "C:\\Users\\user\\Desktop\\Projects\\approved-logistics-fleet\\src\\components\\layout\\SidebarLinks.tsx"
2025-09-04T07:31:23.670756Z  INFO scan_sources: tailwindcss_oxide::scanner: Discovering "C:\\Users\\user\\Desktop\\Projects\\approved-logistics-fleet\\src\\components\\layout\\ThemeToggle.tsx"
2025-09-04T07:31:23.671319Z  INFO scan_sources: tailwindcss_oxide::scanner: Discovering "C:\\Users\\user\\Desktop\\Projects\\approved-logistics-fleet\\src\\components\\notifications"
2025-09-04T07:31:23.671861Z  INFO scan_sources: tailwindcss_oxide::scanner: Discovering "C:\\Users\\user\\Desktop\\Projects\\approved-logistics-fleet\\src\\components\\notifications\\NotificationBell.tsx"
2025-09-04T07:31:23.672052Z  INFO scan_sources: tailwindcss_oxide::scanner: Discovering "C:\\Users\\user\\Desktop\\Projects\\approved-logistics-fleet\\src\\components\\notifications\\NotificationDropdown.tsx"
2025-09-04T07:31:23.672201Z  INFO scan_sources: tailwindcss_oxide::scanner: Discovering "C:\\Users\\user\\Desktop\\Projects\\approved-logistics-fleet\\src\\components\\notifications\\NotificationItem.tsx"
2025-09-04T07:31:23.672358Z  INFO scan_sources: tailwindcss_oxide::scanner: Discovering "C:\\Users\\user\\Desktop\\Projects\\approved-logistics-fleet\\src\\components\\notifications\\NotificationList.tsx"
2025-09-04T07:31:23.672784Z  INFO scan_sources: tailwindcss_oxide::scanner: Discovering "C:\\Users\\user\\Desktop\\Projects\\approved-logistics-fleet\\src\\components\\providers"
2025-09-04T07:31:23.673140Z  INFO scan_sources: tailwindcss_oxide::scanner: Discovering "C:\\Users\\user\\Desktop\\Projects\\approved-logistics-fleet\\src\\components\\providers\\QueryProvider.tsx"
2025-09-04T07:31:23.673333Z  INFO scan_sources: tailwindcss_oxide::scanner: Discovering "C:\\Users\\user\\Desktop\\Projects\\approved-logistics-fleet\\src\\components\\providers\\SessionProvider.tsx"
2025-09-04T07:31:23.673472Z  INFO scan_sources: tailwindcss_oxide::scanner: Discovering "C:\\Users\\user\\Desktop\\Projects\\approved-logistics-fleet\\src\\components\\providers\\theme-provider.tsx"
2025-09-04T07:31:23.673766Z  INFO scan_sources: tailwindcss_oxide::scanner: Discovering "C:\\Users\\user\\Desktop\\Projects\\approved-logistics-fleet\\src\\components\\ui"
2025-09-04T07:31:23.674048Z  INFO scan_sources: tailwindcss_oxide::scanner: Discovering "C:\\Users\\user\\Desktop\\Projects\\approved-logistics-fleet\\src\\components\\ui\\alert-dialog.tsx"
2025-09-04T07:31:23.674184Z  INFO scan_sources: tailwindcss_oxide::scanner: Discovering "C:\\Users\\user\\Desktop\\Projects\\approved-logistics-fleet\\src\\components\\ui\\alert.tsx"
2025-09-04T07:31:23.674316Z  INFO scan_sources: tailwindcss_oxide::scanner: Discovering "C:\\Users\\user\\Desktop\\Projects\\approved-logistics-fleet\\src\\components\\ui\\avatar.tsx"
2025-09-04T07:31:23.674456Z  INFO scan_sources: tailwindcss_oxide::scanner: Discovering "C:\\Users\\user\\Desktop\\Projects\\approved-logistics-fleet\\src\\components\\ui\\badge.tsx"
2025-09-04T07:31:23.674589Z  INFO scan_sources: tailwindcss_oxide::scanner: Discovering "C:\\Users\\user\\Desktop\\Projects\\approved-logistics-fleet\\src\\components\\ui\\button.tsx"
2025-09-04T07:31:23.674721Z  INFO scan_sources: tailwindcss_oxide::scanner: Discovering "C:\\Users\\user\\Desktop\\Projects\\approved-logistics-fleet\\src\\components\\ui\\calendar.tsx"
2025-09-04T07:31:23.674862Z  INFO scan_sources: tailwindcss_oxide::scanner: Discovering "C:\\Users\\user\\Desktop\\Projects\\approved-logistics-fleet\\src\\components\\ui\\card.tsx"
2025-09-04T07:31:23.674994Z  INFO scan_sources: tailwindcss_oxide::scanner: Discovering "C:\\Users\\user\\Desktop\\Projects\\approved-logistics-fleet\\src\\components\\ui\\checkbox.tsx"
2025-09-04T07:31:23.675125Z  INFO scan_sources: tailwindcss_oxide::scanner: Discovering "C:\\Users\\user\\Desktop\\Projects\\approved-logistics-fleet\\src\\components\\ui\\collapsible.tsx"
2025-09-04T07:31:23.675258Z  INFO scan_sources: tailwindcss_oxide::scanner: Discovering "C:\\Users\\user\\Desktop\\Projects\\approved-logistics-fleet\\src\\components\\ui\\date-range-picker.tsx"
2025-09-04T07:31:23.675420Z  INFO scan_sources: tailwindcss_oxide::scanner: Discovering "C:\\Users\\user\\Desktop\\Projects\\approved-logistics-fleet\\src\\components\\ui\\dialog.tsx"
2025-09-04T07:31:23.675552Z  INFO scan_sources: tailwindcss_oxide::scanner: Discovering "C:\\Users\\user\\Desktop\\Projects\\approved-logistics-fleet\\src\\components\\ui\\dropdown-menu.tsx"
2025-09-04T07:31:23.675694Z  INFO scan_sources: tailwindcss_oxide::scanner: Discovering "C:\\Users\\user\\Desktop\\Projects\\approved-logistics-fleet\\src\\components\\ui\\FileUpload.tsx"
2025-09-04T07:31:23.675841Z  INFO scan_sources: tailwindcss_oxide::scanner: Discovering "C:\\Users\\user\\Desktop\\Projects\\approved-logistics-fleet\\src\\components\\ui\\FileViewer.tsx"
2025-09-04T07:31:23.675973Z  INFO scan_sources: tailwindcss_oxide::scanner: Discovering "C:\\Users\\user\\Desktop\\Projects\\approved-logistics-fleet\\src\\components\\ui\\input.tsx"
2025-09-04T07:31:23.676095Z  INFO scan_sources: tailwindcss_oxide::scanner: Discovering "C:\\Users\\user\\Desktop\\Projects\\approved-logistics-fleet\\src\\components\\ui\\label.tsx"
2025-09-04T07:31:23.676221Z  INFO scan_sources: tailwindcss_oxide::scanner: Discovering "C:\\Users\\user\\Desktop\\Projects\\approved-logistics-fleet\\src\\components\\ui\\MobileFileUpload.tsx"
2025-09-04T07:31:23.676347Z  INFO scan_sources: tailwindcss_oxide::scanner: Discovering "C:\\Users\\user\\Desktop\\Projects\\approved-logistics-fleet\\src\\components\\ui\\popover.tsx"
2025-09-04T07:31:23.676482Z  INFO scan_sources: tailwindcss_oxide::scanner: Discovering "C:\\Users\\user\\Desktop\\Projects\\approved-logistics-fleet\\src\\components\\ui\\progress.tsx"
2025-09-04T07:31:23.676634Z  INFO scan_sources: tailwindcss_oxide::scanner: Discovering "C:\\Users\\user\\Desktop\\Projects\\approved-logistics-fleet\\src\\components\\ui\\scroll-area.tsx"
2025-09-04T07:31:23.676784Z  INFO scan_sources: tailwindcss_oxide::scanner: Discovering "C:\\Users\\user\\Desktop\\Projects\\approved-logistics-fleet\\src\\components\\ui\\select.tsx"
2025-09-04T07:31:23.676929Z  INFO scan_sources: tailwindcss_oxide::scanner: Discovering "C:\\Users\\user\\Desktop\\Projects\\approved-logistics-fleet\\src\\components\\ui\\separator.tsx"
2025-09-04T07:31:23.677087Z  INFO scan_sources: tailwindcss_oxide::scanner: Discovering "C:\\Users\\user\\Desktop\\Projects\\approved-logistics-fleet\\src\\components\\ui\\sheet.tsx"
2025-09-04T07:31:23.677299Z  INFO scan_sources: tailwindcss_oxide::scanner: Discovering "C:\\Users\\user\\Desktop\\Projects\\approved-logistics-fleet\\src\\components\\ui\\sidebar.tsx"
2025-09-04T07:31:23.677507Z  INFO scan_sources: tailwindcss_oxide::scanner: Discovering "C:\\Users\\user\\Desktop\\Projects\\approved-logistics-fleet\\src\\components\\ui\\skeleton.tsx"
2025-09-04T07:31:23.677729Z  INFO scan_sources: tailwindcss_oxide::scanner: Discovering "C:\\Users\\user\\Desktop\\Projects\\approved-logistics-fleet\\src\\components\\ui\\sonner.tsx"
2025-09-04T07:31:23.678017Z  INFO scan_sources: tailwindcss_oxide::scanner: Discovering "C:\\Users\\user\\Desktop\\Projects\\approved-logistics-fleet\\src\\components\\ui\\switch.tsx"
2025-09-04T07:31:23.678264Z  INFO scan_sources: tailwindcss_oxide::scanner: Discovering "C:\\Users\\user\\Desktop\\Projects\\approved-logistics-fleet\\src\\components\\ui\\table.tsx"
2025-09-04T07:31:23.678520Z  INFO scan_sources: tailwindcss_oxide::scanner: Discovering "C:\\Users\\user\\Desktop\\Projects\\approved-logistics-fleet\\src\\components\\ui\\tabs.tsx"
2025-09-04T07:31:23.678772Z  INFO scan_sources: tailwindcss_oxide::scanner: Discovering "C:\\Users\\user\\Desktop\\Projects\\approved-logistics-fleet\\src\\components\\ui\\textarea.tsx"
2025-09-04T07:31:23.679083Z  INFO scan_sources: tailwindcss_oxide::scanner: Discovering "C:\\Users\\user\\Desktop\\Projects\\approved-logistics-fleet\\src\\components\\ui\\tooltip.tsx"
2025-09-04T07:31:23.679337Z  INFO scan_sources: tailwindcss_oxide::scanner: Discovering "C:\\Users\\user\\Desktop\\Projects\\approved-logistics-fleet\\src\\components\\ui\\TouchInput.tsx"
2025-09-04T07:31:23.681321Z  INFO scan_sources: tailwindcss_oxide::scanner: Discovering "C:\\Users\\user\\Desktop\\Projects\\approved-logistics-fleet\\src\\context"
2025-09-04T07:31:23.681994Z  INFO scan_sources: tailwindcss_oxide::scanner: Discovering "C:\\Users\\user\\Desktop\\Projects\\approved-logistics-fleet\\src\\context\\theme-context.tsx"
2025-09-04T07:31:23.682962Z  INFO scan_sources: tailwindcss_oxide::scanner: Discovering "C:\\Users\\user\\Desktop\\Projects\\approved-logistics-fleet\\src\\hooks"
2025-09-04T07:31:23.683594Z  INFO scan_sources: tailwindcss_oxide::scanner: Discovering "C:\\Users\\user\\Desktop\\Projects\\approved-logistics-fleet\\src\\hooks\\use-mobile.ts"
2025-09-04T07:31:23.683885Z  INFO scan_sources: tailwindcss_oxide::scanner: Discovering "C:\\Users\\user\\Desktop\\Projects\\approved-logistics-fleet\\src\\hooks\\useFleetData.ts"
2025-09-04T07:31:23.684090Z  INFO scan_sources: tailwindcss_oxide::scanner: Discovering "C:\\Users\\user\\Desktop\\Projects\\approved-logistics-fleet\\src\\hooks\\useNotifications.ts"
2025-09-04T07:31:23.684525Z  INFO scan_sources: tailwindcss_oxide::scanner: Discovering "C:\\Users\\user\\Desktop\\Projects\\approved-logistics-fleet\\src\\lib"
2025-09-04T07:31:23.684930Z  INFO scan_sources: tailwindcss_oxide::scanner: Discovering "C:\\Users\\user\\Desktop\\Projects\\approved-logistics-fleet\\src\\lib\\auth.ts"
2025-09-04T07:31:23.685121Z  INFO scan_sources: tailwindcss_oxide::scanner: Discovering "C:\\Users\\user\\Desktop\\Projects\\approved-logistics-fleet\\src\\lib\\fileUpload.ts"
2025-09-04T07:31:23.685299Z  INFO scan_sources: tailwindcss_oxide::scanner: Discovering "C:\\Users\\user\\Desktop\\Projects\\approved-logistics-fleet\\src\\lib\\notificationService.ts"
2025-09-04T07:31:23.685474Z  INFO scan_sources: tailwindcss_oxide::scanner: Discovering "C:\\Users\\user\\Desktop\\Projects\\approved-logistics-fleet\\src\\lib\\prisma.ts"
2025-09-04T07:31:23.685656Z  INFO scan_sources: tailwindcss_oxide::scanner: Discovering "C:\\Users\\user\\Desktop\\Projects\\approved-logistics-fleet\\src\\lib\\supabase.ts"
2025-09-04T07:31:23.685856Z  INFO scan_sources: tailwindcss_oxide::scanner: Discovering "C:\\Users\\user\\Desktop\\Projects\\approved-logistics-fleet\\src\\lib\\utils.ts"
2025-09-04T07:31:23.686176Z  INFO scan_sources: tailwindcss_oxide::scanner: Discovering "C:\\Users\\user\\Desktop\\Projects\\approved-logistics-fleet\\src\\middleware.ts.backup"
2025-09-04T07:31:23.690257Z  INFO scan_sources: tailwindcss_oxide::scanner: Discovering "C:\\Users\\user\\Desktop\\Projects\\approved-logistics-fleet\\src\\types"
2025-09-04T07:31:23.692519Z  INFO scan_sources: tailwindcss_oxide::scanner: Discovering "C:\\Users\\user\\Desktop\\Projects\\approved-logistics-fleet\\src\\types\\notifications.ts"
2025-09-04T07:31:23.693458Z  INFO scan_sources: tailwindcss_oxide::scanner: Discovering "C:\\Users\\user\\Desktop\\Projects\\approved-logistics-fleet\\tailwind.config.js"
2025-09-04T07:31:23.693682Z  INFO scan_sources: tailwindcss_oxide::scanner: Discovering "C:\\Users\\user\\Desktop\\Projects\\approved-logistics-fleet\\tailwind.config.ts"
2025-09-04T07:31:23.693882Z  INFO scan_sources: tailwindcss_oxide::scanner: Discovering "C:\\Users\\user\\Desktop\\Projects\\approved-logistics-fleet\\tsconfig.json"
2025-09-04T07:31:23.694199Z  INFO scan_sources: tailwindcss_oxide::scanner: exit
2025-09-04T07:31:23.694218Z  INFO extract_candidates: tailwindcss_oxide::scanner: enter
2025-09-04T07:31:23.694234Z  INFO extract_candidates:read_all_files: tailwindcss_oxide::scanner: enter
2025-09-04T07:31:23.694241Z  INFO extract_candidates:read_all_files: tailwindcss_oxide::scanner: Reading 128 file(s)
2025-09-04T07:31:23.696003Z  INFO tailwindcss_oxide::scanner: Reading "C:\\Users\\user\\Desktop\\Projects\\approved-logistics-fleet\\src\\components\\ui\\label.tsx"
2025-09-04T07:31:23.696279Z  INFO tailwindcss_oxide::scanner: Reading "C:\\Users\\user\\Desktop\\Projects\\approved-logistics-fleet\\src\\components\\ui\\TouchInput.tsx"
2025-09-04T07:31:23.696293Z  INFO tailwindcss_oxide::scanner: Reading "C:\\Users\\user\\Desktop\\Projects\\approved-logistics-fleet\\src\\app\\api\\settings\\route.ts"
2025-09-04T07:31:23.696292Z  INFO tailwindcss_oxide::scanner: Reading "C:\\Users\\user\\Desktop\\Projects\\approved-logistics-fleet\\src\\components\\dashboard\\MobileDashboard.tsx"
2025-09-04T07:31:23.696306Z  INFO tailwindcss_oxide::scanner: Reading "C:\\Users\\user\\Desktop\\Projects\\approved-logistics-fleet\\src\\components\\ui\\sidebar.tsx"
2025-09-04T07:31:23.696357Z  INFO tailwindcss_oxide::scanner: Reading "C:\\Users\\user\\Desktop\\Projects\\approved-logistics-fleet\\components.json"
2025-09-04T07:31:23.696436Z  INFO tailwindcss_oxide::scanner: Reading "C:\\Users\\user\\Desktop\\Projects\\approved-logistics-fleet\\src\\components\\providers\\theme-provider.tsx"
2025-09-04T07:31:23.696585Z  INFO tailwindcss_oxide::scanner: Reading "C:\\Users\\user\\Desktop\\Projects\\approved-logistics-fleet\\src\\components\\ui\\MobileFileUpload.tsx"
2025-09-04T07:31:23.696759Z  INFO tailwindcss_oxide::scanner: Reading "C:\\Users\\user\\Desktop\\Projects\\approved-logistics-fleet\\src\\context\\theme-context.tsx"
2025-09-04T07:31:23.696933Z  INFO tailwindcss_oxide::scanner: Reading "C:\\Users\\user\\Desktop\\Projects\\approved-logistics-fleet\\eslint.config.mjs"
2025-09-04T07:31:23.696965Z  INFO tailwindcss_oxide::scanner: Reading "C:\\Users\\user\\Desktop\\Projects\\approved-logistics-fleet\\src\\components\\ui\\skeleton.tsx"
2025-09-04T07:31:23.697007Z  INFO tailwindcss_oxide::scanner: Reading "C:\\Users\\user\\Desktop\\Projects\\approved-logistics-fleet\\src\\components\\ui\\popover.tsx"
2025-09-04T07:31:23.697024Z  INFO tailwindcss_oxide::scanner: Reading "C:\\Users\\user\\Desktop\\Projects\\approved-logistics-fleet\\src\\components\\forms\\AddComplianceDocumentForm.tsx"
2025-09-04T07:31:23.697105Z  INFO tailwindcss_oxide::scanner: Reading "C:\\Users\\user\\Desktop\\Projects\\approved-logistics-fleet\\src\\app\\api\\test\\route.ts"
2025-09-04T07:31:23.697233Z  INFO tailwindcss_oxide::scanner: Reading "C:\\Users\\user\\Desktop\\Projects\\approved-logistics-fleet\\src\\components\\ui\\alert-dialog.tsx"
2025-09-04T07:31:23.697249Z  INFO tailwindcss_oxide::scanner: Reading "C:\\Users\\user\\Desktop\\Projects\\approved-logistics-fleet\\src\\app\\(dashboard)\\reports\\page.tsx"
2025-09-04T07:31:23.697236Z  INFO tailwindcss_oxide::scanner: Reading "C:\\Users\\user\\Desktop\\Projects\\approved-logistics-fleet\\src\\hooks\\use-mobile.ts"
2025-09-04T07:31:23.697347Z  INFO tailwindcss_oxide::scanner: Reading "C:\\Users\\user\\Desktop\\Projects\\approved-logistics-fleet\\src\\components\\ui\\progress.tsx"
2025-09-04T07:31:23.697347Z  INFO tailwindcss_oxide::scanner: Reading "C:\\Users\\user\\Desktop\\Projects\\approved-logistics-fleet\\src\\components\\ui\\sonner.tsx"
2025-09-04T07:31:23.697580Z  INFO tailwindcss_oxide::scanner: Reading "C:\\Users\\user\\Desktop\\Projects\\approved-logistics-fleet\\netlify.toml"
2025-09-04T07:31:23.697709Z  INFO tailwindcss_oxide::scanner: Reading "C:\\Users\\user\\Desktop\\Projects\\approved-logistics-fleet\\src\\components\\ui\\alert.tsx"
2025-09-04T07:31:23.697707Z  INFO tailwindcss_oxide::scanner: Reading "C:\\Users\\user\\Desktop\\Projects\\approved-logistics-fleet\\src\\components\\forms\\AddFuelRecordForm.tsx"
2025-09-04T07:31:23.697707Z  INFO tailwindcss_oxide::scanner: Reading "C:\\Users\\user\\Desktop\\Projects\\approved-logistics-fleet\\src\\app\\api\\test-db\\route.ts"
2025-09-04T07:31:23.697845Z  INFO tailwindcss_oxide::scanner: Reading "C:\\Users\\user\\Desktop\\Projects\\approved-logistics-fleet\\src\\app\\(dashboard)\\settings\\page.tsx"
2025-09-04T07:31:23.697720Z  INFO tailwindcss_oxide::scanner: Reading "C:\\Users\\user\\Desktop\\Projects\\approved-logistics-fleet\\src\\components\\ui\\switch.tsx"
2025-09-04T07:31:23.698045Z  INFO tailwindcss_oxide::scanner: Reading "C:\\Users\\user\\Desktop\\Projects\\approved-logistics-fleet\\src\\hooks\\useFleetData.ts"
2025-09-04T07:31:23.698193Z  INFO tailwindcss_oxide::scanner: Reading "C:\\Users\\user\\Desktop\\Projects\\approved-logistics-fleet\\src\\components\\ui\\avatar.tsx"
2025-09-04T07:31:23.698224Z  INFO tailwindcss_oxide::scanner: Reading "C:\\Users\\user\\Desktop\\Projects\\approved-logistics-fleet\\src\\components\\ui\\scroll-area.tsx"
2025-09-04T07:31:23.698273Z  INFO tailwindcss_oxide::scanner: Reading "C:\\Users\\user\\Desktop\\Projects\\approved-logistics-fleet\\src\\app\\api\\auth\\[...nextauth]\\route.ts"
2025-09-04T07:31:23.698414Z  INFO tailwindcss_oxide::scanner: Reading "C:\\Users\\user\\Desktop\\Projects\\approved-logistics-fleet\\src\\hooks\\useNotifications.ts"
2025-09-04T07:31:23.698438Z  INFO tailwindcss_oxide::scanner: Reading "C:\\Users\\user\\Desktop\\Projects\\approved-logistics-fleet\\src\\components\\ui\\table.tsx"
2025-09-04T07:31:23.698573Z  INFO tailwindcss_oxide::scanner: Reading "C:\\Users\\user\\Desktop\\Projects\\approved-logistics-fleet\\src\\app\\api\\trucks\\route.ts"
2025-09-04T07:31:23.698595Z  INFO tailwindcss_oxide::scanner: Reading "C:\\Users\\user\\Desktop\\Projects\\approved-logistics-fleet\\src\\components\\forms\\AddMaintenanceForm.tsx"
2025-09-04T07:31:23.698616Z  INFO tailwindcss_oxide::scanner: Reading "C:\\Users\\user\\Desktop\\Projects\\approved-logistics-fleet\\next.config.js"
2025-09-04T07:31:23.698768Z  INFO tailwindcss_oxide::scanner: Reading "C:\\Users\\user\\Desktop\\Projects\\approved-logistics-fleet\\src\\components\\ui\\badge.tsx"
2025-09-04T07:31:23.698797Z  INFO tailwindcss_oxide::scanner: Reading "C:\\Users\\user\\Desktop\\Projects\\approved-logistics-fleet\\src\\components\\ui\\select.tsx"
2025-09-04T07:31:23.698816Z  INFO tailwindcss_oxide::scanner: Reading "C:\\Users\\user\\Desktop\\Projects\\approved-logistics-fleet\\src\\lib\\auth.ts"
2025-09-04T07:31:23.698930Z  INFO tailwindcss_oxide::scanner: Reading "C:\\Users\\user\\Desktop\\Projects\\approved-logistics-fleet\\src\\components\\ui\\tabs.tsx"
2025-09-04T07:31:23.698993Z  INFO tailwindcss_oxide::scanner: Reading "C:\\Users\\user\\Desktop\\Projects\\approved-logistics-fleet\\src\\app\\api\\compliance\\route.ts"
2025-09-04T07:31:23.699087Z  INFO tailwindcss_oxide::scanner: Reading "C:\\Users\\user\\Desktop\\Projects\\approved-logistics-fleet\\src\\components\\ui\\button.tsx"
2025-09-04T07:31:23.699101Z  INFO tailwindcss_oxide::scanner: Reading "C:\\Users\\user\\Desktop\\Projects\\approved-logistics-fleet\\next.config.ts"
2025-09-04T07:31:23.699174Z  INFO tailwindcss_oxide::scanner: Reading "C:\\Users\\user\\Desktop\\Projects\\approved-logistics-fleet\\src\\components\\ui\\separator.tsx"
2025-09-04T07:31:23.699201Z  INFO tailwindcss_oxide::scanner: Reading "C:\\Users\\user\\Desktop\\Projects\\approved-logistics-fleet\\src\\app\\api\\trucks\\[id]\\route.ts"
2025-09-04T07:31:23.699222Z  INFO tailwindcss_oxide::scanner: Reading "C:\\Users\\user\\Desktop\\Projects\\approved-logistics-fleet\\src\\components\\layout\\AppLayout.tsx"
2025-09-04T07:31:23.699251Z  INFO tailwindcss_oxide::scanner: Reading "C:\\Users\\user\\Desktop\\Projects\\approved-logistics-fleet\\src\\components\\ui\\textarea.tsx"
2025-09-04T07:31:23.699310Z  INFO tailwindcss_oxide::scanner: Reading "C:\\Users\\user\\Desktop\\Projects\\approved-logistics-fleet\\src\\lib\\fileUpload.ts"
2025-09-04T07:31:23.699398Z  INFO tailwindcss_oxide::scanner: Reading "C:\\Users\\user\\Desktop\\Projects\\approved-logistics-fleet\\package.json"
2025-09-04T07:31:23.699641Z  INFO tailwindcss_oxide::scanner: Reading "C:\\Users\\user\\Desktop\\Projects\\approved-logistics-fleet\\src\\components\\ui\\tooltip.tsx"
2025-09-04T07:31:23.699757Z  INFO tailwindcss_oxide::scanner: Reading "C:\\Users\\user\\Desktop\\Projects\\approved-logistics-fleet\\src\\components\\ui\\calendar.tsx"
2025-09-04T07:31:23.699766Z  INFO tailwindcss_oxide::scanner: Reading "C:\\Users\\user\\Desktop\\Projects\\approved-logistics-fleet\\src\\components\\layout\\Header.tsx"
2025-09-04T07:31:23.699817Z  INFO tailwindcss_oxide::scanner: Reading "C:\\Users\\user\\Desktop\\Projects\\approved-logistics-fleet\\src\\app\\api\\debug-auth\\route.ts"
2025-09-04T07:31:23.699817Z  INFO tailwindcss_oxide::scanner: Reading "C:\\Users\\user\\Desktop\\Projects\\approved-logistics-fleet\\src\\app\\api\\upload\\route.ts"
2025-09-04T07:31:23.699918Z  INFO tailwindcss_oxide::scanner: Reading "C:\\Users\\user\\Desktop\\Projects\\approved-logistics-fleet\\src\\components\\ui\\sheet.tsx"
2025-09-04T07:31:23.700010Z  INFO tailwindcss_oxide::scanner: Reading "C:\\Users\\user\\Desktop\\Projects\\approved-logistics-fleet\\postcss.config.mjs"
2025-09-04T07:31:23.700015Z  INFO tailwindcss_oxide::scanner: Reading "C:\\Users\\user\\Desktop\\Projects\\approved-logistics-fleet\\src\\lib\\notificationService.ts"
2025-09-04T07:31:23.700285Z  INFO tailwindcss_oxide::scanner: Reading "C:\\Users\\user\\Desktop\\Projects\\approved-logistics-fleet\\src\\components\\layout\\SidebarLinks.tsx"
2025-09-04T07:31:23.700283Z  INFO tailwindcss_oxide::scanner: Reading "C:\\Users\\user\\Desktop\\Projects\\approved-logistics-fleet\\src\\components\\layout\\MobileSidebar.tsx"
2025-09-04T07:31:23.700294Z  INFO tailwindcss_oxide::scanner: Reading "C:\\Users\\user\\Desktop\\Projects\\approved-logistics-fleet\\src\\app\\auth\\error\\page.tsx"
2025-09-04T07:31:23.700450Z  INFO tailwindcss_oxide::scanner: Reading "C:\\Users\\user\\Desktop\\Projects\\approved-logistics-fleet\\src\\components\\ui\\card.tsx"
2025-09-04T07:31:23.700470Z  INFO tailwindcss_oxide::scanner: Reading "C:\\Users\\user\\Desktop\\Projects\\approved-logistics-fleet\\src\\app\\api\\fuel\\route.ts"
2025-09-04T07:31:23.700478Z  INFO tailwindcss_oxide::scanner: Reading "C:\\Users\\user\\Desktop\\Projects\\approved-logistics-fleet\\src\\app\\api\\notifications\\mark-all-read\\route.ts"
2025-09-04T07:31:23.700701Z  INFO tailwindcss_oxide::scanner: Reading "C:\\Users\\user\\Desktop\\Projects\\approved-logistics-fleet\\src\\app\\api\\notifications\\route.ts"
2025-09-04T07:31:23.700691Z  INFO tailwindcss_oxide::scanner: Reading "C:\\Users\\user\\Desktop\\Projects\\approved-logistics-fleet\\src\\lib\\prisma.ts"
2025-09-04T07:31:23.700866Z  INFO tailwindcss_oxide::scanner: Reading "C:\\Users\\user\\Desktop\\Projects\\approved-logistics-fleet\\src\\components\\ui\\checkbox.tsx"
2025-09-04T07:31:23.700923Z  INFO tailwindcss_oxide::scanner: Reading "C:\\Users\\user\\Desktop\\Projects\\approved-logistics-fleet\\src\\app\\auth\\signin\\page.tsx"
2025-09-04T07:31:23.701054Z  INFO tailwindcss_oxide::scanner: Reading "C:\\Users\\user\\Desktop\\Projects\\approved-logistics-fleet\\src\\components\\layout\\Sidebar.tsx"
2025-09-04T07:31:23.701095Z  INFO tailwindcss_oxide::scanner: Reading "C:\\Users\\user\\Desktop\\Projects\\approved-logistics-fleet\\src\\app\\api\\maintenance\\route.ts"
2025-09-04T07:31:23.701107Z  INFO tailwindcss_oxide::scanner: Reading "C:\\Users\\user\\Desktop\\Projects\\approved-logistics-fleet\\prisma\\migrations\\20250806003348_init\\migration.sql"
2025-09-04T07:31:23.701187Z  INFO tailwindcss_oxide::scanner: Reading "C:\\Users\\user\\Desktop\\Projects\\approved-logistics-fleet\\src\\app\\api\\notifications\\[id]\\read\\route.ts"
2025-09-04T07:31:23.700888Z  INFO tailwindcss_oxide::scanner: Reading "C:\\Users\\user\\Desktop\\Projects\\approved-logistics-fleet\\src\\components\\layout\\ThemeToggle.tsx"
2025-09-04T07:31:23.701365Z  INFO tailwindcss_oxide::scanner: Reading "C:\\Users\\user\\Desktop\\Projects\\approved-logistics-fleet\\src\\lib\\supabase.ts"
2025-09-04T07:31:23.701377Z  INFO tailwindcss_oxide::scanner: Reading "C:\\Users\\user\\Desktop\\Projects\\approved-logistics-fleet\\src\\app\\layout.tsx"
2025-09-04T07:31:23.701397Z  INFO tailwindcss_oxide::scanner: Reading "C:\\Users\\user\\Desktop\\Projects\\approved-logistics-fleet\\src\\app\\api\\register\\route.ts"
2025-09-04T07:31:23.701553Z  INFO tailwindcss_oxide::scanner: Reading "C:\\Users\\user\\Desktop\\Projects\\approved-logistics-fleet\\src\\app\\api\\profile\\route.ts"
2025-09-04T07:31:23.701609Z  INFO tailwindcss_oxide::scanner: Reading "C:\\Users\\user\\Desktop\\Projects\\approved-logistics-fleet\\prisma\\migrations\\20250806020205_add_auth\\migration.sql"
2025-09-04T07:31:23.701699Z  INFO tailwindcss_oxide::scanner: Reading "C:\\Users\\user\\Desktop\\Projects\\approved-logistics-fleet\\src\\app\\api\\notifications\\check\\route.ts"
2025-09-04T07:31:23.701719Z  INFO tailwindcss_oxide::scanner: Reading "C:\\Users\\user\\Desktop\\Projects\\approved-logistics-fleet\\src\\app\\page.tsx"
2025-09-04T07:31:23.701719Z  INFO tailwindcss_oxide::scanner: Reading "C:\\Users\\user\\Desktop\\Projects\\approved-logistics-fleet\\src\\components\\notifications\\NotificationBell.tsx"
2025-09-04T07:31:23.701778Z  INFO tailwindcss_oxide::scanner: Reading "C:\\Users\\user\\Desktop\\Projects\\approved-logistics-fleet\\src\\components\\ui\\collapsible.tsx"
2025-09-04T07:31:23.701900Z  INFO tailwindcss_oxide::scanner: Reading "C:\\Users\\user\\Desktop\\Projects\\approved-logistics-fleet\\src\\components\\notifications\\NotificationItem.tsx"
2025-09-04T07:31:23.701917Z  INFO tailwindcss_oxide::scanner: Reading "C:\\Users\\user\\Desktop\\Projects\\approved-logistics-fleet\\src\\lib\\utils.ts"
2025-09-04T07:31:23.702106Z  INFO tailwindcss_oxide::scanner: Reading "C:\\Users\\user\\Desktop\\Projects\\approved-logistics-fleet\\src\\components\\AppLayout.tsx"
2025-09-04T07:31:23.702131Z  INFO tailwindcss_oxide::scanner: Reading "C:\\Users\\user\\Desktop\\Projects\\approved-logistics-fleet\\public\\next.svg"
2025-09-04T07:31:23.702143Z  INFO tailwindcss_oxide::scanner: Reading "C:\\Users\\user\\Desktop\\Projects\\approved-logistics-fleet\\src\\app\\api\\reports\\custom\\route.ts"
2025-09-04T07:31:23.702244Z  INFO tailwindcss_oxide::scanner: Reading "C:\\Users\\user\\Desktop\\Projects\\approved-logistics-fleet\\src\\components\\notifications\\NotificationDropdown.tsx"
2025-09-04T07:31:23.702275Z  INFO tailwindcss_oxide::scanner: Reading "C:\\Users\\user\\Desktop\\Projects\\approved-logistics-fleet\\src\\components\\ui\\date-range-picker.tsx"
2025-09-04T07:31:23.702280Z  INFO tailwindcss_oxide::scanner: Reading "C:\\Users\\user\\Desktop\\Projects\\approved-logistics-fleet\\src\\components\\notifications\\NotificationList.tsx"
2025-09-04T07:31:23.702280Z  INFO tailwindcss_oxide::scanner: Reading "C:\\Users\\user\\Desktop\\Projects\\approved-logistics-fleet\\prisma\\migrations\\20250807135357_add_role_enum\\migration.sql"
2025-09-04T07:31:23.702445Z  INFO tailwindcss_oxide::scanner: Reading "C:\\Users\\user\\Desktop\\Projects\\approved-logistics-fleet\\src\\middleware.ts.backup"
2025-09-04T07:31:23.702552Z  INFO tailwindcss_oxide::scanner: Reading "C:\\Users\\user\\Desktop\\Projects\\approved-logistics-fleet\\src\\components\\auth\\RoleGuard.tsx"
2025-09-04T07:31:23.702555Z  INFO tailwindcss_oxide::scanner: Reading "C:\\Users\\user\\Desktop\\Projects\\approved-logistics-fleet\\prisma\\migrations\\migration_lock.toml"
2025-09-04T07:31:23.702649Z  INFO tailwindcss_oxide::scanner: Reading "C:\\Users\\user\\Desktop\\Projects\\approved-logistics-fleet\\src\\types\\notifications.ts"
2025-09-04T07:31:23.702703Z  INFO tailwindcss_oxide::scanner: Reading "C:\\Users\\user\\Desktop\\Projects\\approved-logistics-fleet\\src\\components\\ui\\dialog.tsx"
2025-09-04T07:31:23.702705Z  INFO tailwindcss_oxide::scanner: Reading "C:\\Users\\user\\Desktop\\Projects\\approved-logistics-fleet\\src\\components\\providers\\QueryProvider.tsx"
2025-09-04T07:31:23.702754Z  INFO tailwindcss_oxide::scanner: Reading "C:\\Users\\user\\Desktop\\Projects\\approved-logistics-fleet\\src\\app\\api\\reports\\download\\excel\\route.ts"
2025-09-04T07:31:23.702811Z  INFO tailwindcss_oxide::scanner: Reading "C:\\Users\\user\\Desktop\\Projects\\approved-logistics-fleet\\public\\vercel.svg"
2025-09-04T07:31:23.702818Z  INFO tailwindcss_oxide::scanner: Reading "C:\\Users\\user\\Desktop\\Projects\\approved-logistics-fleet\\src\\components\\ui\\dropdown-menu.tsx"
2025-09-04T07:31:23.702956Z  INFO tailwindcss_oxide::scanner: Reading "C:\\Users\\user\\Desktop\\Projects\\approved-logistics-fleet\\src\\components\\providers\\SessionProvider.tsx"
2025-09-04T07:31:23.702963Z  INFO tailwindcss_oxide::scanner: Reading "C:\\Users\\user\\Desktop\\Projects\\approved-logistics-fleet\\src\\components\\charts\\FleetPerformanceChart.tsx"
2025-09-04T07:31:23.703061Z  INFO tailwindcss_oxide::scanner: Reading "C:\\Users\\user\\Desktop\\Projects\\approved-logistics-fleet\\prisma\\schema.prisma"
2025-09-04T07:31:23.703115Z  INFO tailwindcss_oxide::scanner: Reading "C:\\Users\\user\\Desktop\\Projects\\approved-logistics-fleet\\scripts\\create-users-final.ts"
2025-09-04T07:31:23.703204Z  INFO tailwindcss_oxide::scanner: Reading "C:\\Users\\user\\Desktop\\Projects\\approved-logistics-fleet\\src\\components\\ui\\FileUpload.tsx"
2025-09-04T07:31:23.703355Z  INFO tailwindcss_oxide::scanner: Reading "C:\\Users\\user\\Desktop\\Projects\\approved-logistics-fleet\\scripts\\add-active-trucks.ts"
2025-09-04T07:31:23.703444Z  INFO tailwindcss_oxide::scanner: Reading "C:\\Users\\user\\Desktop\\Projects\\approved-logistics-fleet\\public\\window.svg"
2025-09-04T07:31:23.703528Z  INFO tailwindcss_oxide::scanner: Reading "C:\\Users\\user\\Desktop\\Projects\\approved-logistics-fleet\\tailwind.config.js"
2025-09-04T07:31:23.703548Z  INFO tailwindcss_oxide::scanner: Reading "C:\\Users\\user\\Desktop\\Projects\\approved-logistics-fleet\\src\\components\\charts\\FuelExpenseChart.tsx"
2025-09-04T07:31:23.703652Z  INFO tailwindcss_oxide::scanner: Reading "C:\\Users\\user\\Desktop\\Projects\\approved-logistics-fleet\\scripts\\fix-admin-password.ts"
2025-09-04T07:31:23.703680Z  INFO tailwindcss_oxide::scanner: Reading "C:\\Users\\user\\Desktop\\Projects\\approved-logistics-fleet\\src\\components\\ui\\FileViewer.tsx"
2025-09-04T07:31:23.703699Z  INFO tailwindcss_oxide::scanner: Reading "C:\\Users\\user\\Desktop\\Projects\\approved-logistics-fleet\\src\\app\\api\\reports\\download\\pdf\\route.ts"
2025-09-04T07:31:23.703758Z  INFO tailwindcss_oxide::scanner: Reading "C:\\Users\\user\\Desktop\\Projects\\approved-logistics-fleet\\prisma\\seed.ts"
2025-09-04T07:31:23.704034Z  INFO tailwindcss_oxide::scanner: Reading "C:\\Users\\user\\Desktop\\Projects\\approved-logistics-fleet\\scripts\\add-sample-trucks.ts"
2025-09-04T07:31:23.704071Z  INFO tailwindcss_oxide::scanner: Reading "C:\\Users\\user\\Desktop\\Projects\\approved-logistics-fleet\\src\\app\\(dashboard)\\compliance\\page.tsx"
2025-09-04T07:31:23.704219Z  INFO tailwindcss_oxide::scanner: Reading "C:\\Users\\user\\Desktop\\Projects\\approved-logistics-fleet\\src\\components\\charts\\MaintenanceReportChart.tsx"
2025-09-04T07:31:23.704165Z  INFO tailwindcss_oxide::scanner: Reading "C:\\Users\\user\\Desktop\\Projects\\approved-logistics-fleet\\README.md"
2025-09-04T07:31:23.704481Z  INFO tailwindcss_oxide::scanner: Reading "C:\\Users\\user\\Desktop\\Projects\\approved-logistics-fleet\\public\\file.svg"
2025-09-04T07:31:23.704557Z  INFO tailwindcss_oxide::scanner: Reading "C:\\Users\\user\\Desktop\\Projects\\approved-logistics-fleet\\tailwind.config.ts"
2025-09-04T07:31:23.704567Z  INFO tailwindcss_oxide::scanner: Reading "C:\\Users\\user\\Desktop\\Projects\\approved-logistics-fleet\\src\\app\\(dashboard)\\dashboard\\page.tsx"
2025-09-04T07:31:23.704810Z  INFO tailwindcss_oxide::scanner: Reading "C:\\Users\\user\\Desktop\\Projects\\approved-logistics-fleet\\tsconfig.json"
2025-09-04T07:31:23.704826Z  INFO tailwindcss_oxide::scanner: Reading "C:\\Users\\user\\Desktop\\Projects\\approved-logistics-fleet\\scripts\\check-admin.ts"
2025-09-04T07:31:23.704975Z  INFO tailwindcss_oxide::scanner: Reading "C:\\Users\\user\\Desktop\\Projects\\approved-logistics-fleet\\src\\app\\(dashboard)\\fuel\\page.tsx"
2025-09-04T07:31:23.705060Z  INFO tailwindcss_oxide::scanner: Reading "C:\\Users\\user\\Desktop\\Projects\\approved-logistics-fleet\\src\\app\\(dashboard)\\maintenance\\page.tsx"
2025-09-04T07:31:23.705134Z  INFO tailwindcss_oxide::scanner: Reading "C:\\Users\\user\\Desktop\\Projects\\approved-logistics-fleet\\src\\components\\ui\\input.tsx"
2025-09-04T07:31:23.705142Z  INFO tailwindcss_oxide::scanner: Reading "C:\\Users\\user\\Desktop\\Projects\\approved-logistics-fleet\\public\\globe.svg"
2025-09-04T07:31:23.705269Z  INFO tailwindcss_oxide::scanner: Reading "C:\\Users\\user\\Desktop\\Projects\\approved-logistics-fleet\\src\\components\\charts\\SparesExpenseChart.tsx"
2025-09-04T07:31:23.705295Z  INFO tailwindcss_oxide::scanner: Reading "C:\\Users\\user\\Desktop\\Projects\\approved-logistics-fleet\\scripts\\create-prod-admin.ts"
2025-09-04T07:31:23.705904Z  INFO tailwindcss_oxide::scanner: Reading "C:\\Users\\user\\Desktop\\Projects\\approved-logistics-fleet\\src\\app\\(dashboard)\\profile\\page.tsx"
2025-09-04T07:31:23.706491Z  INFO tailwindcss_oxide::scanner: Reading "C:\\Users\\user\\Desktop\\Projects\\approved-logistics-fleet\\public\\manifest.json"
2025-09-04T07:31:23.708779Z  INFO tailwindcss_oxide::scanner: Reading "C:\\Users\\user\\Desktop\\Projects\\approved-logistics-fleet\\src\\app\\(dashboard)\\layout.tsx"
2025-09-04T07:31:23.709415Z  INFO extract_candidates:read_all_files: tailwindcss_oxide::scanner: exit
2025-09-04T07:31:23.709461Z  INFO extract_candidates:parse_all_blobs: tailwindcss_oxide::scanner: enter
2025-09-04T07:31:23.709483Z  INFO extract_candidates:parse_all_blobs:extract: tailwindcss_oxide::scanner: enter
2025-09-04T07:31:23.716577Z  INFO extract_candidates:parse_all_blobs:extract: tailwindcss_oxide::scanner: exit
2025-09-04T07:31:23.716698Z  INFO extract_candidates:parse_all_blobs: tailwindcss_oxide::scanner: exit
2025-09-04T07:31:23.716716Z  INFO extract_candidates:read_all_files: tailwindcss_oxide::scanner: enter
2025-09-04T07:31:23.716725Z  INFO extract_candidates:read_all_files: tailwindcss_oxide::scanner: Reading 1 file(s)
2025-09-04T07:31:23.717032Z  INFO extract_candidates:read_all_files: tailwindcss_oxide::scanner: Reading "C:\\Users\\user\\Desktop\\Projects\\approved-logistics-fleet\\src\\app\\globals.css"
2025-09-04T07:31:23.717079Z  INFO extract_candidates:read_all_files: tailwindcss_oxide::scanner: exit
2025-09-04T07:31:23.717090Z  INFO extract_candidates:extract_css_variables: tailwindcss_oxide::scanner: enter
2025-09-04T07:31:23.717099Z  INFO extract_candidates:extract_css_variables:extract: tailwindcss_oxide::scanner: enter
2025-09-04T07:31:23.717296Z  INFO extract_candidates:extract_css_variables:extract: tailwindcss_oxide::scanner: exit
2025-09-04T07:31:23.717321Z  INFO extract_candidates:extract_css_variables: tailwindcss_oxide::scanner: exit
2025-09-04T07:31:23.718976Z  INFO extract_candidates: tailwindcss_oxide::scanner: exit
2025-09-04T07:31:23.721915Z  INFO get_files: tailwindcss_oxide::scanner: enter
2025-09-04T07:31:23.721984Z  INFO get_files:scan_sources: tailwindcss_oxide::scanner: enter
2025-09-04T07:31:23.736031Z  INFO get_files:scan_sources: tailwindcss_oxide::scanner: Discovering "C:\\Users\\user\\Desktop\\Projects\\approved-logistics-fleet\\prisma"
2025-09-04T07:31:23.737058Z  INFO get_files:scan_sources: tailwindcss_oxide::scanner: Discovering "C:\\Users\\user\\Desktop\\Projects\\approved-logistics-fleet\\prisma\\migrations"
2025-09-04T07:31:23.737954Z  INFO get_files:scan_sources: tailwindcss_oxide::scanner: Discovering "C:\\Users\\user\\Desktop\\Projects\\approved-logistics-fleet\\prisma\\migrations\\20250806003348_init"
2025-09-04T07:31:23.739489Z  INFO get_files:scan_sources: tailwindcss_oxide::scanner: Discovering "C:\\Users\\user\\Desktop\\Projects\\approved-logistics-fleet\\prisma\\migrations\\20250806020205_add_auth"
2025-09-04T07:31:23.740456Z  INFO get_files:scan_sources: tailwindcss_oxide::scanner: Discovering "C:\\Users\\user\\Desktop\\Projects\\approved-logistics-fleet\\prisma\\migrations\\20250807135357_add_role_enum"
2025-09-04T07:31:23.741926Z  INFO get_files:scan_sources: tailwindcss_oxide::scanner: Discovering "C:\\Users\\user\\Desktop\\Projects\\approved-logistics-fleet\\public"
2025-09-04T07:31:23.743209Z  INFO get_files:scan_sources: tailwindcss_oxide::scanner: Discovering "C:\\Users\\user\\Desktop\\Projects\\approved-logistics-fleet\\public\\uploads"
2025-09-04T07:31:23.743803Z  INFO get_files:scan_sources: tailwindcss_oxide::scanner: Discovering "C:\\Users\\user\\Desktop\\Projects\\approved-logistics-fleet\\public\\uploads\\compliance"
2025-09-04T07:31:23.744718Z  INFO get_files:scan_sources: tailwindcss_oxide::scanner: Discovering "C:\\Users\\user\\Desktop\\Projects\\approved-logistics-fleet\\public\\uploads\\fuel"
2025-09-04T07:31:23.745383Z  INFO get_files:scan_sources: tailwindcss_oxide::scanner: Discovering "C:\\Users\\user\\Desktop\\Projects\\approved-logistics-fleet\\public\\uploads\\maintenance"
2025-09-04T07:31:23.745852Z  INFO get_files:scan_sources: tailwindcss_oxide::scanner: Discovering "C:\\Users\\user\\Desktop\\Projects\\approved-logistics-fleet\\public\\uploads\\spares"
2025-09-04T07:31:23.746779Z  INFO get_files:scan_sources: tailwindcss_oxide::scanner: Discovering "C:\\Users\\user\\Desktop\\Projects\\approved-logistics-fleet\\scripts"
2025-09-04T07:31:23.748319Z  INFO get_files:scan_sources: tailwindcss_oxide::scanner: Discovering "C:\\Users\\user\\Desktop\\Projects\\approved-logistics-fleet\\src"
2025-09-04T07:31:23.749077Z  INFO get_files:scan_sources: tailwindcss_oxide::scanner: Discovering "C:\\Users\\user\\Desktop\\Projects\\approved-logistics-fleet\\src\\app"
2025-09-04T07:31:23.749824Z  INFO get_files:scan_sources: tailwindcss_oxide::scanner: Discovering "C:\\Users\\user\\Desktop\\Projects\\approved-logistics-fleet\\src\\app\\(dashboard)"
2025-09-04T07:31:23.750482Z  INFO get_files:scan_sources: tailwindcss_oxide::scanner: Discovering "C:\\Users\\user\\Desktop\\Projects\\approved-logistics-fleet\\src\\app\\(dashboard)\\compliance"
2025-09-04T07:31:23.751436Z  INFO get_files:scan_sources: tailwindcss_oxide::scanner: Discovering "C:\\Users\\user\\Desktop\\Projects\\approved-logistics-fleet\\src\\app\\(dashboard)\\dashboard"
2025-09-04T07:31:23.752328Z  INFO get_files:scan_sources: tailwindcss_oxide::scanner: Discovering "C:\\Users\\user\\Desktop\\Projects\\approved-logistics-fleet\\src\\app\\(dashboard)\\fuel"
2025-09-04T07:31:23.753181Z  INFO get_files:scan_sources: tailwindcss_oxide::scanner: Discovering "C:\\Users\\user\\Desktop\\Projects\\approved-logistics-fleet\\src\\app\\(dashboard)\\maintenance"
2025-09-04T07:31:23.753745Z  INFO get_files:scan_sources: tailwindcss_oxide::scanner: Discovering "C:\\Users\\user\\Desktop\\Projects\\approved-logistics-fleet\\src\\app\\(dashboard)\\profile"
2025-09-04T07:31:23.755387Z  INFO get_files:scan_sources: tailwindcss_oxide::scanner: Discovering "C:\\Users\\user\\Desktop\\Projects\\approved-logistics-fleet\\src\\app\\(dashboard)\\reports"
2025-09-04T07:31:23.756367Z  INFO get_files:scan_sources: tailwindcss_oxide::scanner: Discovering "C:\\Users\\user\\Desktop\\Projects\\approved-logistics-fleet\\src\\app\\(dashboard)\\settings"
2025-09-04T07:31:23.757152Z  INFO get_files:scan_sources: tailwindcss_oxide::scanner: Discovering "C:\\Users\\user\\Desktop\\Projects\\approved-logistics-fleet\\src\\app\\api"
2025-09-04T07:31:23.757744Z  INFO get_files:scan_sources: tailwindcss_oxide::scanner: Discovering "C:\\Users\\user\\Desktop\\Projects\\approved-logistics-fleet\\src\\app\\api\\auth"
2025-09-04T07:31:23.758266Z  INFO get_files:scan_sources: tailwindcss_oxide::scanner: Discovering "C:\\Users\\user\\Desktop\\Projects\\approved-logistics-fleet\\src\\app\\api\\auth\\[...nextauth]"
2025-09-04T07:31:23.759001Z  INFO get_files:scan_sources: tailwindcss_oxide::scanner: Discovering "C:\\Users\\user\\Desktop\\Projects\\approved-logistics-fleet\\src\\app\\api\\compliance"
2025-09-04T07:31:23.759578Z  INFO get_files:scan_sources: tailwindcss_oxide::scanner: Discovering "C:\\Users\\user\\Desktop\\Projects\\approved-logistics-fleet\\src\\app\\api\\debug-auth"
2025-09-04T07:31:23.760179Z  INFO get_files:scan_sources: tailwindcss_oxide::scanner: Discovering "C:\\Users\\user\\Desktop\\Projects\\approved-logistics-fleet\\src\\app\\api\\fuel"
2025-09-04T07:31:23.760989Z  INFO get_files:scan_sources: tailwindcss_oxide::scanner: Discovering "C:\\Users\\user\\Desktop\\Projects\\approved-logistics-fleet\\src\\app\\api\\maintenance"
2025-09-04T07:31:23.761853Z  INFO get_files:scan_sources: tailwindcss_oxide::scanner: Discovering "C:\\Users\\user\\Desktop\\Projects\\approved-logistics-fleet\\src\\app\\api\\notifications"
2025-09-04T07:31:23.762519Z  INFO get_files:scan_sources: tailwindcss_oxide::scanner: Discovering "C:\\Users\\user\\Desktop\\Projects\\approved-logistics-fleet\\src\\app\\api\\notifications\\check"
2025-09-04T07:31:23.763375Z  INFO get_files:scan_sources: tailwindcss_oxide::scanner: Discovering "C:\\Users\\user\\Desktop\\Projects\\approved-logistics-fleet\\src\\app\\api\\notifications\\mark-all-read"
2025-09-04T07:31:23.764050Z  INFO get_files:scan_sources: tailwindcss_oxide::scanner: Discovering "C:\\Users\\user\\Desktop\\Projects\\approved-logistics-fleet\\src\\app\\api\\notifications\\[id]"
2025-09-04T07:31:23.764620Z  INFO get_files:scan_sources: tailwindcss_oxide::scanner: Discovering "C:\\Users\\user\\Desktop\\Projects\\approved-logistics-fleet\\src\\app\\api\\notifications\\[id]\\read"
2025-09-04T07:31:23.765321Z  INFO get_files:scan_sources: tailwindcss_oxide::scanner: Discovering "C:\\Users\\user\\Desktop\\Projects\\approved-logistics-fleet\\src\\app\\api\\profile"
2025-09-04T07:31:23.765886Z  INFO get_files:scan_sources: tailwindcss_oxide::scanner: Discovering "C:\\Users\\user\\Desktop\\Projects\\approved-logistics-fleet\\src\\app\\api\\register"
2025-09-04T07:31:23.766473Z  INFO get_files:scan_sources: tailwindcss_oxide::scanner: Discovering "C:\\Users\\user\\Desktop\\Projects\\approved-logistics-fleet\\src\\app\\api\\reports"
2025-09-04T07:31:23.766892Z  INFO get_files:scan_sources: tailwindcss_oxide::scanner: Discovering "C:\\Users\\user\\Desktop\\Projects\\approved-logistics-fleet\\src\\app\\api\\reports\\custom"
2025-09-04T07:31:23.767523Z  INFO get_files:scan_sources: tailwindcss_oxide::scanner: Discovering "C:\\Users\\user\\Desktop\\Projects\\approved-logistics-fleet\\src\\app\\api\\reports\\download"
2025-09-04T07:31:23.767959Z  INFO get_files:scan_sources: tailwindcss_oxide::scanner: Discovering "C:\\Users\\user\\Desktop\\Projects\\approved-logistics-fleet\\src\\app\\api\\reports\\download\\excel"
2025-09-04T07:31:23.768599Z  INFO get_files:scan_sources: tailwindcss_oxide::scanner: Discovering "C:\\Users\\user\\Desktop\\Projects\\approved-logistics-fleet\\src\\app\\api\\reports\\download\\pdf"
2025-09-04T07:31:23.769240Z  INFO get_files:scan_sources: tailwindcss_oxide::scanner: Discovering "C:\\Users\\user\\Desktop\\Projects\\approved-logistics-fleet\\src\\app\\api\\settings"
2025-09-04T07:31:23.769842Z  INFO get_files:scan_sources: tailwindcss_oxide::scanner: Discovering "C:\\Users\\user\\Desktop\\Projects\\approved-logistics-fleet\\src\\app\\api\\test"
2025-09-04T07:31:23.770439Z  INFO get_files:scan_sources: tailwindcss_oxide::scanner: Discovering "C:\\Users\\user\\Desktop\\Projects\\approved-logistics-fleet\\src\\app\\api\\test-db"
2025-09-04T07:31:23.771469Z  INFO get_files:scan_sources: tailwindcss_oxide::scanner: Discovering "C:\\Users\\user\\Desktop\\Projects\\approved-logistics-fleet\\src\\app\\api\\trucks"
2025-09-04T07:31:23.772406Z  INFO get_files:scan_sources: tailwindcss_oxide::scanner: Discovering "C:\\Users\\user\\Desktop\\Projects\\approved-logistics-fleet\\src\\app\\api\\trucks\\[id]"
2025-09-04T07:31:23.773417Z  INFO get_files:scan_sources: tailwindcss_oxide::scanner: Discovering "C:\\Users\\user\\Desktop\\Projects\\approved-logistics-fleet\\src\\app\\api\\upload"
2025-09-04T07:31:23.774120Z  INFO get_files:scan_sources: tailwindcss_oxide::scanner: Discovering "C:\\Users\\user\\Desktop\\Projects\\approved-logistics-fleet\\src\\app\\auth"
2025-09-04T07:31:23.774594Z  INFO get_files:scan_sources: tailwindcss_oxide::scanner: Discovering "C:\\Users\\user\\Desktop\\Projects\\approved-logistics-fleet\\src\\app\\auth\\error"
2025-09-04T07:31:23.775198Z  INFO get_files:scan_sources: tailwindcss_oxide::scanner: Discovering "C:\\Users\\user\\Desktop\\Projects\\approved-logistics-fleet\\src\\app\\auth\\signin"
2025-09-04T07:31:23.776308Z  INFO get_files:scan_sources: tailwindcss_oxide::scanner: Discovering "C:\\Users\\user\\Desktop\\Projects\\approved-logistics-fleet\\src\\components"
2025-09-04T07:31:23.776860Z  INFO get_files:scan_sources: tailwindcss_oxide::scanner: Discovering "C:\\Users\\user\\Desktop\\Projects\\approved-logistics-fleet\\src\\components\\auth"
2025-09-04T07:31:23.777436Z  INFO get_files:scan_sources: tailwindcss_oxide::scanner: Discovering "C:\\Users\\user\\Desktop\\Projects\\approved-logistics-fleet\\src\\components\\charts"
2025-09-04T07:31:23.778233Z  INFO get_files:scan_sources: tailwindcss_oxide::scanner: Discovering "C:\\Users\\user\\Desktop\\Projects\\approved-logistics-fleet\\src\\components\\dashboard"
2025-09-04T07:31:23.778998Z  INFO get_files:scan_sources: tailwindcss_oxide::scanner: Discovering "C:\\Users\\user\\Desktop\\Projects\\approved-logistics-fleet\\src\\components\\forms"
2025-09-04T07:31:23.779847Z  INFO get_files:scan_sources: tailwindcss_oxide::scanner: Discovering "C:\\Users\\user\\Desktop\\Projects\\approved-logistics-fleet\\src\\components\\layout"
2025-09-04T07:31:23.781021Z  INFO get_files:scan_sources: tailwindcss_oxide::scanner: Discovering "C:\\Users\\user\\Desktop\\Projects\\approved-logistics-fleet\\src\\components\\notifications"
2025-09-04T07:31:23.781885Z  INFO get_files:scan_sources: tailwindcss_oxide::scanner: Discovering "C:\\Users\\user\\Desktop\\Projects\\approved-logistics-fleet\\src\\components\\providers"
2025-09-04T07:31:23.782651Z  INFO get_files:scan_sources: tailwindcss_oxide::scanner: Discovering "C:\\Users\\user\\Desktop\\Projects\\approved-logistics-fleet\\src\\components\\ui"
2025-09-04T07:31:23.786209Z  INFO get_files:scan_sources: tailwindcss_oxide::scanner: Discovering "C:\\Users\\user\\Desktop\\Projects\\approved-logistics-fleet\\src\\context"
2025-09-04T07:31:23.786923Z  INFO get_files:scan_sources: tailwindcss_oxide::scanner: Discovering "C:\\Users\\user\\Desktop\\Projects\\approved-logistics-fleet\\src\\hooks"
2025-09-04T07:31:23.789237Z  INFO get_files:scan_sources: tailwindcss_oxide::scanner: Discovering "C:\\Users\\user\\Desktop\\Projects\\approved-logistics-fleet\\src\\lib"
2025-09-04T07:31:23.790462Z  INFO get_files:scan_sources: tailwindcss_oxide::scanner: Discovering "C:\\Users\\user\\Desktop\\Projects\\approved-logistics-fleet\\src\\types"
2025-09-04T07:31:23.791478Z  INFO get_files:scan_sources: tailwindcss_oxide::scanner: exit
2025-09-04T07:31:23.791764Z  INFO get_files: tailwindcss_oxide::scanner: exit
2025-09-04T07:31:23.792419Z  INFO get_globs: tailwindcss_oxide::scanner: enter
2025-09-04T07:31:23.792442Z  INFO get_globs:scan_sources: tailwindcss_oxide::scanner: enter
2025-09-04T07:31:23.797250Z  INFO get_globs:scan_sources: tailwindcss_oxide::scanner: Discovering "C:\\Users\\user\\Desktop\\Projects\\approved-logistics-fleet\\prisma"
2025-09-04T07:31:23.797686Z  INFO get_globs:scan_sources: tailwindcss_oxide::scanner: Discovering "C:\\Users\\user\\Desktop\\Projects\\approved-logistics-fleet\\prisma\\migrations"
2025-09-04T07:31:23.798109Z  INFO get_globs:scan_sources: tailwindcss_oxide::scanner: Discovering "C:\\Users\\user\\Desktop\\Projects\\approved-logistics-fleet\\prisma\\migrations\\20250806003348_init"
2025-09-04T07:31:23.798677Z  INFO get_globs:scan_sources: tailwindcss_oxide::scanner: Discovering "C:\\Users\\user\\Desktop\\Projects\\approved-logistics-fleet\\prisma\\migrations\\20250806020205_add_auth"
2025-09-04T07:31:23.799294Z  INFO get_globs:scan_sources: tailwindcss_oxide::scanner: Discovering "C:\\Users\\user\\Desktop\\Projects\\approved-logistics-fleet\\prisma\\migrations\\20250807135357_add_role_enum"
2025-09-04T07:31:23.800207Z  INFO get_globs:scan_sources: tailwindcss_oxide::scanner: Discovering "C:\\Users\\user\\Desktop\\Projects\\approved-logistics-fleet\\public"
2025-09-04T07:31:23.800942Z  INFO get_globs:scan_sources: tailwindcss_oxide::scanner: Discovering "C:\\Users\\user\\Desktop\\Projects\\approved-logistics-fleet\\public\\uploads"
2025-09-04T07:31:23.801459Z  INFO get_globs:scan_sources: tailwindcss_oxide::scanner: Discovering "C:\\Users\\user\\Desktop\\Projects\\approved-logistics-fleet\\public\\uploads\\compliance"
2025-09-04T07:31:23.802109Z  INFO get_globs:scan_sources: tailwindcss_oxide::scanner: Discovering "C:\\Users\\user\\Desktop\\Projects\\approved-logistics-fleet\\public\\uploads\\fuel"
2025-09-04T07:31:23.802592Z  INFO get_globs:scan_sources: tailwindcss_oxide::scanner: Discovering "C:\\Users\\user\\Desktop\\Projects\\approved-logistics-fleet\\public\\uploads\\maintenance"
2025-09-04T07:31:23.803015Z  INFO get_globs:scan_sources: tailwindcss_oxide::scanner: Discovering "C:\\Users\\user\\Desktop\\Projects\\approved-logistics-fleet\\public\\uploads\\spares"
2025-09-04T07:31:23.804203Z  INFO get_globs:scan_sources: tailwindcss_oxide::scanner: Discovering "C:\\Users\\user\\Desktop\\Projects\\approved-logistics-fleet\\scripts"
2025-09-04T07:31:23.805968Z  INFO get_globs:scan_sources: tailwindcss_oxide::scanner: Discovering "C:\\Users\\user\\Desktop\\Projects\\approved-logistics-fleet\\src"
2025-09-04T07:31:23.806421Z  INFO get_globs:scan_sources: tailwindcss_oxide::scanner: Discovering "C:\\Users\\user\\Desktop\\Projects\\approved-logistics-fleet\\src\\app"
2025-09-04T07:31:23.806850Z  INFO get_globs:scan_sources: tailwindcss_oxide::scanner: Discovering "C:\\Users\\user\\Desktop\\Projects\\approved-logistics-fleet\\src\\app\\(dashboard)"
2025-09-04T07:31:23.807332Z  INFO get_globs:scan_sources: tailwindcss_oxide::scanner: Discovering "C:\\Users\\user\\Desktop\\Projects\\approved-logistics-fleet\\src\\app\\(dashboard)\\compliance"
2025-09-04T07:31:23.807903Z  INFO get_globs:scan_sources: tailwindcss_oxide::scanner: Discovering "C:\\Users\\user\\Desktop\\Projects\\approved-logistics-fleet\\src\\app\\(dashboard)\\dashboard"
2025-09-04T07:31:23.808442Z  INFO get_globs:scan_sources: tailwindcss_oxide::scanner: Discovering "C:\\Users\\user\\Desktop\\Projects\\approved-logistics-fleet\\src\\app\\(dashboard)\\fuel"
2025-09-04T07:31:23.809071Z  INFO get_globs:scan_sources: tailwindcss_oxide::scanner: Discovering "C:\\Users\\user\\Desktop\\Projects\\approved-logistics-fleet\\src\\app\\(dashboard)\\maintenance"
2025-09-04T07:31:23.809622Z  INFO get_globs:scan_sources: tailwindcss_oxide::scanner: Discovering "C:\\Users\\user\\Desktop\\Projects\\approved-logistics-fleet\\src\\app\\(dashboard)\\profile"
2025-09-04T07:31:23.810453Z  INFO get_globs:scan_sources: tailwindcss_oxide::scanner: Discovering "C:\\Users\\user\\Desktop\\Projects\\approved-logistics-fleet\\src\\app\\(dashboard)\\reports"
2025-09-04T07:31:23.811084Z  INFO get_globs:scan_sources: tailwindcss_oxide::scanner: Discovering "C:\\Users\\user\\Desktop\\Projects\\approved-logistics-fleet\\src\\app\\(dashboard)\\settings"
2025-09-04T07:31:23.811878Z  INFO get_globs:scan_sources: tailwindcss_oxide::scanner: Discovering "C:\\Users\\user\\Desktop\\Projects\\approved-logistics-fleet\\src\\app\\api"
2025-09-04T07:31:23.812414Z  INFO get_globs:scan_sources: tailwindcss_oxide::scanner: Discovering "C:\\Users\\user\\Desktop\\Projects\\approved-logistics-fleet\\src\\app\\api\\auth"
2025-09-04T07:31:23.812881Z  INFO get_globs:scan_sources: tailwindcss_oxide::scanner: Discovering "C:\\Users\\user\\Desktop\\Projects\\approved-logistics-fleet\\src\\app\\api\\auth\\[...nextauth]"
2025-09-04T07:31:23.813576Z  INFO get_globs:scan_sources: tailwindcss_oxide::scanner: Discovering "C:\\Users\\user\\Desktop\\Projects\\approved-logistics-fleet\\src\\app\\api\\compliance"
2025-09-04T07:31:23.814152Z  INFO get_globs:scan_sources: tailwindcss_oxide::scanner: Discovering "C:\\Users\\user\\Desktop\\Projects\\approved-logistics-fleet\\src\\app\\api\\debug-auth"
2025-09-04T07:31:23.814781Z  INFO get_globs:scan_sources: tailwindcss_oxide::scanner: Discovering "C:\\Users\\user\\Desktop\\Projects\\approved-logistics-fleet\\src\\app\\api\\fuel"
2025-09-04T07:31:23.815375Z  INFO get_globs:scan_sources: tailwindcss_oxide::scanner: Discovering "C:\\Users\\user\\Desktop\\Projects\\approved-logistics-fleet\\src\\app\\api\\maintenance"
2025-09-04T07:31:23.815942Z  INFO get_globs:scan_sources: tailwindcss_oxide::scanner: Discovering "C:\\Users\\user\\Desktop\\Projects\\approved-logistics-fleet\\src\\app\\api\\notifications"
2025-09-04T07:31:23.816359Z  INFO get_globs:scan_sources: tailwindcss_oxide::scanner: Discovering "C:\\Users\\user\\Desktop\\Projects\\approved-logistics-fleet\\src\\app\\api\\notifications\\check"
2025-09-04T07:31:23.816921Z  INFO get_globs:scan_sources: tailwindcss_oxide::scanner: Discovering "C:\\Users\\user\\Desktop\\Projects\\approved-logistics-fleet\\src\\app\\api\\notifications\\mark-all-read"
2025-09-04T07:31:23.817619Z  INFO get_globs:scan_sources: tailwindcss_oxide::scanner: Discovering "C:\\Users\\user\\Desktop\\Projects\\approved-logistics-fleet\\src\\app\\api\\notifications\\[id]"
2025-09-04T07:31:23.818054Z  INFO get_globs:scan_sources: tailwindcss_oxide::scanner: Discovering "C:\\Users\\user\\Desktop\\Projects\\approved-logistics-fleet\\src\\app\\api\\notifications\\[id]\\read"
2025-09-04T07:31:23.818933Z  INFO get_globs:scan_sources: tailwindcss_oxide::scanner: Discovering "C:\\Users\\user\\Desktop\\Projects\\approved-logistics-fleet\\src\\app\\api\\profile"
2025-09-04T07:31:23.820054Z  INFO get_globs:scan_sources: tailwindcss_oxide::scanner: Discovering "C:\\Users\\user\\Desktop\\Projects\\approved-logistics-fleet\\src\\app\\api\\register"
2025-09-04T07:31:23.821228Z  INFO get_globs:scan_sources: tailwindcss_oxide::scanner: Discovering "C:\\Users\\user\\Desktop\\Projects\\approved-logistics-fleet\\src\\app\\api\\reports"
2025-09-04T07:31:23.822212Z  INFO get_globs:scan_sources: tailwindcss_oxide::scanner: Discovering "C:\\Users\\user\\Desktop\\Projects\\approved-logistics-fleet\\src\\app\\api\\reports\\custom"
2025-09-04T07:31:23.823083Z  INFO get_globs:scan_sources: tailwindcss_oxide::scanner: Discovering "C:\\Users\\user\\Desktop\\Projects\\approved-logistics-fleet\\src\\app\\api\\reports\\download"
2025-09-04T07:31:23.823787Z  INFO get_globs:scan_sources: tailwindcss_oxide::scanner: Discovering "C:\\Users\\user\\Desktop\\Projects\\approved-logistics-fleet\\src\\app\\api\\reports\\download\\excel"
2025-09-04T07:31:23.824631Z  INFO get_globs:scan_sources: tailwindcss_oxide::scanner: Discovering "C:\\Users\\user\\Desktop\\Projects\\approved-logistics-fleet\\src\\app\\api\\reports\\download\\pdf"
2025-09-04T07:31:23.825432Z  INFO get_globs:scan_sources: tailwindcss_oxide::scanner: Discovering "C:\\Users\\user\\Desktop\\Projects\\approved-logistics-fleet\\src\\app\\api\\settings"
2025-09-04T07:31:23.826288Z  INFO get_globs:scan_sources: tailwindcss_oxide::scanner: Discovering "C:\\Users\\user\\Desktop\\Projects\\approved-logistics-fleet\\src\\app\\api\\test"
2025-09-04T07:31:23.827000Z  INFO get_globs:scan_sources: tailwindcss_oxide::scanner: Discovering "C:\\Users\\user\\Desktop\\Projects\\approved-logistics-fleet\\src\\app\\api\\test-db"
2025-09-04T07:31:23.827601Z  INFO get_globs:scan_sources: tailwindcss_oxide::scanner: Discovering "C:\\Users\\user\\Desktop\\Projects\\approved-logistics-fleet\\src\\app\\api\\trucks"
2025-09-04T07:31:23.828161Z  INFO get_globs:scan_sources: tailwindcss_oxide::scanner: Discovering "C:\\Users\\user\\Desktop\\Projects\\approved-logistics-fleet\\src\\app\\api\\trucks\\[id]"
2025-09-04T07:31:23.828806Z  INFO get_globs:scan_sources: tailwindcss_oxide::scanner: Discovering "C:\\Users\\user\\Desktop\\Projects\\approved-logistics-fleet\\src\\app\\api\\upload"
2025-09-04T07:31:23.829509Z  INFO get_globs:scan_sources: tailwindcss_oxide::scanner: Discovering "C:\\Users\\user\\Desktop\\Projects\\approved-logistics-fleet\\src\\app\\auth"
2025-09-04T07:31:23.829964Z  INFO get_globs:scan_sources: tailwindcss_oxide::scanner: Discovering "C:\\Users\\user\\Desktop\\Projects\\approved-logistics-fleet\\src\\app\\auth\\error"
2025-09-04T07:31:23.830528Z  INFO get_globs:scan_sources: tailwindcss_oxide::scanner: Discovering "C:\\Users\\user\\Desktop\\Projects\\approved-logistics-fleet\\src\\app\\auth\\signin"
2025-09-04T07:31:23.831963Z  INFO get_globs:scan_sources: tailwindcss_oxide::scanner: Discovering "C:\\Users\\user\\Desktop\\Projects\\approved-logistics-fleet\\src\\components"
2025-09-04T07:31:23.832535Z  INFO get_globs:scan_sources: tailwindcss_oxide::scanner: Discovering "C:\\Users\\user\\Desktop\\Projects\\approved-logistics-fleet\\src\\components\\auth"
2025-09-04T07:31:23.833080Z  INFO get_globs:scan_sources: tailwindcss_oxide::scanner: Discovering "C:\\Users\\user\\Desktop\\Projects\\approved-logistics-fleet\\src\\components\\charts"
2025-09-04T07:31:23.834288Z  INFO get_globs:scan_sources: tailwindcss_oxide::scanner: Discovering "C:\\Users\\user\\Desktop\\Projects\\approved-logistics-fleet\\src\\components\\dashboard"
2025-09-04T07:31:23.834968Z  INFO get_globs:scan_sources: tailwindcss_oxide::scanner: Discovering "C:\\Users\\user\\Desktop\\Projects\\approved-logistics-fleet\\src\\components\\forms"
2025-09-04T07:31:23.835765Z  INFO get_globs:scan_sources: tailwindcss_oxide::scanner: Discovering "C:\\Users\\user\\Desktop\\Projects\\approved-logistics-fleet\\src\\components\\layout"
2025-09-04T07:31:23.836731Z  INFO get_globs:scan_sources: tailwindcss_oxide::scanner: Discovering "C:\\Users\\user\\Desktop\\Projects\\approved-logistics-fleet\\src\\components\\notifications"
2025-09-04T07:31:23.838005Z  INFO get_globs:scan_sources: tailwindcss_oxide::scanner: Discovering "C:\\Users\\user\\Desktop\\Projects\\approved-logistics-fleet\\src\\components\\providers"
2025-09-04T07:31:23.839017Z  INFO get_globs:scan_sources: tailwindcss_oxide::scanner: Discovering "C:\\Users\\user\\Desktop\\Projects\\approved-logistics-fleet\\src\\components\\ui"
2025-09-04T07:31:23.842832Z  INFO get_globs:scan_sources: tailwindcss_oxide::scanner: Discovering "C:\\Users\\user\\Desktop\\Projects\\approved-logistics-fleet\\src\\context"
2025-09-04T07:31:23.843636Z  INFO get_globs:scan_sources: tailwindcss_oxide::scanner: Discovering "C:\\Users\\user\\Desktop\\Projects\\approved-logistics-fleet\\src\\hooks"
2025-09-04T07:31:23.844390Z  INFO get_globs:scan_sources: tailwindcss_oxide::scanner: Discovering "C:\\Users\\user\\Desktop\\Projects\\approved-logistics-fleet\\src\\lib"
2025-09-04T07:31:23.845460Z  INFO get_globs:scan_sources: tailwindcss_oxide::scanner: Discovering "C:\\Users\\user\\Desktop\\Projects\\approved-logistics-fleet\\src\\types"
2025-09-04T07:31:23.846307Z  INFO get_globs:scan_sources: tailwindcss_oxide::scanner: exit
2025-09-04T07:31:23.885273Z  INFO get_globs: tailwindcss_oxide::scanner: exit
